Log file open, 03/30/17 23:15:31
LogInit:Display: Running engine for game: UnrealLearningProj
LogPlatformFile: Not using cached read wrapper
LogInit:Display: RandInit(937028249) SRandInit(937028249).
LogTaskGraph: Started task graph with 5 named threads and 8 total threads with 1 sets of task threads.
LogStats: Stats thread started at 0.103625
LogInit: Using libcurl 7.47.1
LogInit:  - built for x86_64-pc-win32
LogInit:  - supports SSL with OpenSSL/1.0.2g
LogInit:  - supports HTTP deflate (compression) using libz 1.2.8
LogInit:  - other features:
LogInit:      CURL_VERSION_SSL
LogInit:      CURL_VERSION_LIBZ
LogInit:      CURL_VERSION_IPV6
LogInit:      CURL_VERSION_ASYNCHDNS
LogInit:      CURL_VERSION_LARGEFILE
LogInit:      CURL_VERSION_IDN
LogInit:  CurlRequestOptions (configurable via config and command line):
LogInit:  - bVerifyPeer = false  - Libcurl will NOT verify peer certificate
LogInit:  - bUseHttpProxy = false  - Libcurl will NOT use HTTP proxy
LogInit:  - bDontReuseConnections = false  - Libcurl will reuse connections
LogInit:  - CertBundlePath = nullptr  - Libcurl will use whatever was configured at build time.
LogInit: Build: ++UE4+Release-4.15-CL-3348071
LogInit: Engine Version: 4.15.1-3348071+++UE4+Release-4.15
LogInit: Compatible Engine Version: 4.15.0-3299760+++UE4+Release-4.15
LogInit: Net CL: 3299760
LogDevObjectVersion: Number of dev versions registered: 14
LogDevObjectVersion:   Dev-Blueprints (B0D832E4-1F89-4F0D-ACCF-7EB736FD4AA2): 8
LogDevObjectVersion:   Dev-Build (E1C64328-A22C-4D53-A36C-8E866417BD8C): 0
LogDevObjectVersion:   Dev-Core (375EC13C-06E4-48FB-B500-84F0262A717E): 2
LogDevObjectVersion:   Dev-Editor (E4B068ED-F494-42E9-A231-DA0B2E46BB41): 14
LogDevObjectVersion:   Dev-Framework (CFFC743F-43B0-4480-9391-14DF171D2073): 22
LogDevObjectVersion:   Dev-Mobile (B02B49B5-BB20-44E9-A304-32B752E40360): 0
LogDevObjectVersion:   Dev-Networking (A4E4105C-59A1-49B5-A7C5-40C4547EDFEE): 0
LogDevObjectVersion:   Dev-Online (39C831C9-5AE6-47DC-9A44-9C173E1C8E7C): 0
LogDevObjectVersion:   Dev-Physics (78F01B33-EBEA-4F98-B9B4-84EACCB95AA2): 0
LogDevObjectVersion:   Dev-Platform (6631380F-2D4D-43E0-8009-CF276956A95A): 0
LogDevObjectVersion:   Dev-Rendering (12F88B9F-8875-4AFC-A67C-D90C383ABD29): 12
LogDevObjectVersion:   Dev-Sequencer (7B5AE74C-D270-4C10-A958-57980B212A5A): 3
LogDevObjectVersion:   Dev-VR (D7296918-1DD6-4BDD-9DE2-64A83CC13884): 0
LogDevObjectVersion:   Dev-LoadTimes (C2A15278-BFE7-4AFE-6C17-90FF531DF755): 1
LogInit: Compiled (64-bit): Mar 15 2017 16:52:47
LogInit: Compiled with Visual C++: 19.00.23026.00
LogInit: Build Configuration: Development
LogInit: Branch Name: ++UE4+Release-4.15
LogInit: Command line: -EpicPortal 
LogInit: Base directory: C:/Program Files (x86)/Epic Games/UE_4.15/Engine/Binaries/Win64/
LogInit: Installed Engine Build: 1
LogInit: Presizing for max 8388607 objects, including 0 objects not considered by GC, pre-allocating 0 bytes for permanent pool.
LogInit: Object subsystem initialized
[2017.03.30-21.15.32:258][  0]LogInit: Selected Device Profile: [Windows]
[2017.03.30-21.15.32:258][  0]LogInit: Applying CVar settings loaded from the selected device profile: [Windows]
[2017.03.30-21.15.32:277][  0]LogInit: Computer: KUCNI
[2017.03.30-21.15.32:277][  0]LogInit: User: Goran
[2017.03.30-21.15.32:277][  0]LogInit: CPU Page size=65536, Cores=4
[2017.03.30-21.15.32:277][  0]LogInit: High frequency timer resolution =3.124100 MHz
[2017.03.30-21.15.32:277][  0]LogMemory: Memory total: Physical=7.7GB (8GB approx)
[2017.03.30-21.15.32:277][  0]LogMemory: Platform Memory Stats for Windows
[2017.03.30-21.15.32:277][  0]LogMemory: Process Physical Memory: 262.79 MB used, 262.79 MB peak
[2017.03.30-21.15.32:277][  0]LogMemory: Process Virtual Memory: 262.43 MB used, 262.43 MB peak
[2017.03.30-21.15.32:277][  0]LogMemory: Physical Memory: 4311.98 MB used,  3533.11 MB free, 7845.10 MB total
[2017.03.30-21.15.32:277][  0]LogMemory: Virtual Memory: 644.04 MB used,  3533.11 MB free, 134217728.00 MB total
[2017.03.30-21.15.32:373][  0]LogTextLocalizationManager: No translations for ('hr-HR') exist, falling back to 'en' for localization and internationalization data.
[2017.03.30-21.15.38:525][  0]LogD3D11RHI: D3D11 adapters:
[2017.03.30-21.15.38:533][  0]LogD3D11RHI:    0. 'Intel(R) HD Graphics 4600' (Feature Level 11_0)
[2017.03.30-21.15.38:533][  0]LogD3D11RHI:       112/0/2048 MB DedicatedVideo/DedicatedSystem/SharedSystem, Outputs:1, VendorId:0x8086
[2017.03.30-21.15.38:534][  0]LogD3D11RHI:    1. 'Microsoft Basic Render Driver' (Feature Level 11_0)
[2017.03.30-21.15.38:534][  0]LogD3D11RHI:       0/0/3922 MB DedicatedVideo/DedicatedSystem/SharedSystem, Outputs:0, VendorId:0x1414
[2017.03.30-21.15.38:534][  0]LogD3D11RHI: Chosen D3D11 Adapter: 0
[2017.03.30-21.15.38:538][  0]LogD3D11RHI: Creating new Direct3DDevice
[2017.03.30-21.15.38:538][  0]LogD3D11RHI:     GPU DeviceId: 0x412 (for the marketing name, search the web for "GPU Device Id")
[2017.03.30-21.15.38:538][  0]LogWindows: EnumDisplayDevices:
[2017.03.30-21.15.38:538][  0]LogWindows:    0. 'Intel(R) HD Graphics 4600' (P:1 D:1)
[2017.03.30-21.15.38:539][  0]LogWindows:    1. 'Intel(R) HD Graphics 4600' (P:0 D:0)
[2017.03.30-21.15.38:539][  0]LogWindows:    2. 'Intel(R) HD Graphics 4600' (P:0 D:0)
[2017.03.30-21.15.38:539][  0]LogWindows: DebugString: FoundDriverCount:3 
[2017.03.30-21.15.38:539][  0]LogD3D11RHI:     Adapter Name: Intel(R) HD Graphics 4600
[2017.03.30-21.15.38:539][  0]LogD3D11RHI:   Driver Version: 20.19.15.4531 (internal:20.19.15.4531, unified:20.19.15.4531)
[2017.03.30-21.15.38:539][  0]LogD3D11RHI:      Driver Date: 9-29-2016
[2017.03.30-21.15.38:539][  0]LogRHI: Texture pool is 795 MB (70% of 1136 MB)
[2017.03.30-21.15.38:543][  0]LogD3D11RHI: Async texture creation enabled
[2017.03.30-21.15.38:548][  0]LogD3D11RHI: GPU Timing Frequency: 12.500000 (Debug: 2 0)
[2017.03.30-21.15.38:549][  0]LogShaderCompilers: Guid format shader working directory is -38 characters bigger than the processId version (../../../../../../Users/Goran/Documents/GitHub/UnrealLearningProj/UnrealLearningProj/Intermediate/Shaders/WorkingDirectory/8968/).
[2017.03.30-21.15.38:549][  0]LogShaderCompilers: Cleaned the shader compiler working directory 'C:/Users/Goran/AppData/Local/Temp/UnrealShaderWorkingDir/B1E89F504287335677BD85B24675F1D9/'.
[2017.03.30-21.15.38:549][  0]LogShaderCompilers:Display: Using Local Shader Compiler.
[2017.03.30-21.15.43:708][  0]LogTemp:Display: Loaded TP AllDesktopTargetPlatform
[2017.03.30-21.15.43:783][  0]LogTemp:Display: Loaded TP MacClientTargetPlatform
[2017.03.30-21.15.43:855][  0]LogTemp:Display: Loaded TP MacNoEditorTargetPlatform
[2017.03.30-21.15.43:923][  0]LogTemp:Display: Loaded TP MacServerTargetPlatform
[2017.03.30-21.15.44:003][  0]LogTemp:Display: Loaded TP MacTargetPlatform
[2017.03.30-21.15.44:081][  0]LogTemp:Display: Loaded TP WindowsClientTargetPlatform
[2017.03.30-21.15.44:159][  0]LogTemp:Display: Loaded TP WindowsNoEditorTargetPlatform
[2017.03.30-21.15.44:237][  0]LogTemp:Display: Loaded TP WindowsServerTargetPlatform
[2017.03.30-21.15.44:298][  0]LogTemp:Display: Loaded TP WindowsTargetPlatform
[2017.03.30-21.15.44:384][  0]LogTemp:Display: Loaded TP AndroidTargetPlatform
[2017.03.30-21.15.44:456][  0]LogTemp:Display: Loaded TP Android_ASTCTargetPlatform
[2017.03.30-21.15.44:526][  0]LogTemp:Display: Loaded TP Android_ATCTargetPlatform
[2017.03.30-21.15.44:597][  0]LogTemp:Display: Loaded TP Android_DXTTargetPlatform
[2017.03.30-21.15.44:670][  0]LogTemp:Display: Loaded TP Android_ETC1TargetPlatform
[2017.03.30-21.15.44:739][  0]LogTemp:Display: Loaded TP Android_ETC2TargetPlatform
[2017.03.30-21.15.44:880][  0]LogTemp:Display: Loaded TP Android_MultiTargetPlatform
[2017.03.30-21.15.44:880][  0]LogTemp:Display: Loaded TP Android_PVRTCTargetPlatform
[2017.03.30-21.15.44:930][  0]LogTemp:Display: Loaded TP HTML5TargetPlatform
[2017.03.30-21.15.45:075][  0]LogTemp:Display: Loaded TP IOSTargetPlatform
[2017.03.30-21.15.45:120][  0]LogTemp:Display: Loaded TP TVOSTargetPlatform
[2017.03.30-21.15.45:192][  0]LogTemp:Display: Loaded TP LinuxClientTargetPlatform
[2017.03.30-21.15.45:263][  0]LogTemp:Display: Loaded TP LinuxNoEditorTargetPlatform
[2017.03.30-21.15.45:335][  0]LogTemp:Display: Loaded TP LinuxServerTargetPlatform
[2017.03.30-21.15.45:408][  0]LogTemp:Display: Loaded TP LinuxTargetPlatform
[2017.03.30-21.15.45:408][  0]LogTargetPlatformManager:Display: Building Assets For Windows
[2017.03.30-21.15.46:088][  0]LogDerivedDataCache:Display: Max Cache Size: 512 MB
[2017.03.30-21.15.46:633][  0]LogDerivedDataCache: Loaded boot cache 0.54s 50MB C:/Users/Goran/AppData/Local/UnrealEngine/4.15/DerivedDataCache/Boot.ddc.
[2017.03.30-21.15.46:633][  0]LogDerivedDataCache:Display: Loaded Boot cache: C:/Users/Goran/AppData/Local/UnrealEngine/4.15/DerivedDataCache/Boot.ddc
[2017.03.30-21.15.46:634][  0]LogDerivedDataCache: FDerivedDataBackendGraph:  Pak pak cache file ../../../../../../Users/Goran/Documents/GitHub/UnrealLearningProj/UnrealLearningProj/DerivedDataCache/DDC.ddp not found, will not use a pak cache.
[2017.03.30-21.15.46:634][  0]LogDerivedDataCache: Unable to find inner node Pak for hierarchical cache Hierarchy.
[2017.03.30-21.15.46:634][  0]LogDerivedDataCache: FDerivedDataBackendGraph:  CompressedPak pak cache file ../../../../../../Users/Goran/Documents/GitHub/UnrealLearningProj/UnrealLearningProj/DerivedDataCache/Compressed.ddp not found, will not use a pak cache.
[2017.03.30-21.15.46:634][  0]LogDerivedDataCache: Unable to find inner node CompressedPak for hierarchical cache Hierarchy.
[2017.03.30-21.15.46:654][  0]LogDerivedDataCache:Display: Pak cache opened for reading ../../../Engine/DerivedDataCache/Compressed.ddp.
[2017.03.30-21.15.46:667][  0]LogDerivedDataCache: Using Local data cache path C:/Users/Goran/AppData/Local/UnrealEngine/Common/DerivedDataCache: Writable
[2017.03.30-21.15.46:677][  0]LogSlate: Using Freetype 2.6.0
[2017.03.30-21.15.46:699][  0]LogSlate: SlateFontCache - WITH_FREETYPE: 1, WITH_HARFBUZZ: 1
[2017.03.30-21.15.46:699][  0]LogSlate: SlateFontCache - WITH_FREETYPE: 1, WITH_HARFBUZZ: 1
[2017.03.30-21.15.48:551][  0]LogInit: Selected Device Profile: [Windows]
[2017.03.30-21.15.48:554][  0]LogContentStreaming: Texture pool size is 0.00 MB
[2017.03.30-21.15.48:823][  0]LogMeshUtilities: Using QuadricMeshReduction for automatic static mesh reduction
[2017.03.30-21.15.48:883][  0]LogSimplygon: Simplygon DLL not present - disabling.
[2017.03.30-21.15.48:941][  0]LogMeshUtilities: Using SimplygonSwarm for distributed automatic mesh merging
[2017.03.30-21.15.48:942][  0]LogMeshUtilities: No automatic skeletal mesh reduction module available
[2017.03.30-21.15.48:942][  0]LogMeshUtilities: No automatic mesh merging module available
[2017.03.30-21.15.49:575][  0]LogNetVersion: GetLocalNetworkVersion: CL: 3299760, ProjectName: unreallearningproj, ProjectVersion: , EngineNetworkVersion: 2, GameNetworkVersion: 0, NetworkChecksum: 93977687
[2017.03.30-21.15.49:629][  0]LogAssetRegistry: FAssetRegistry took 0.0224 seconds to start up
[2017.03.30-21.15.49:681][  0]LogPackageLocalizationCache: Processed 3 localized package path(s) for 1 prioritized culture(s) in 0.024767 seconds
[2017.03.30-21.15.49:687][  0]LogUObjectArray: 32493 objects as part of root set at end of initial load.
[2017.03.30-21.15.49:687][  0]LogUObjectAllocator: 7077032 out of 0 bytes used by permanent object pool.
[2017.03.30-21.15.49:687][  0]LogUObjectArray: CloseDisregardForGC: 0/0 objects in disregard for GC pool
[2017.03.30-21.15.49:784][  0]LogInit: WinSock: version 1.1 (2.2), MaxSocks=32767, MaxUdp=65467
[2017.03.30-21.16.15:588][  0]LogAssetRegistry:Error: Failed to open file for write ../../../../../../Users/Goran/Documents/GitHub/UnrealLearningProj/UnrealLearningProj/Intermediate/CachedAssetRegistry.bin
[2017.03.30-21.16.15:588][  0]LogTcpMessaging: Initializing TcpMessaging bridge
[2017.03.30-21.16.15:664][  0]LogUdpMessaging: Initializing bridge on interface 0.0.0.0:0 to multicast group 230.0.0.1:6666.
[2017.03.30-21.16.16:770][  0]LogMaterial: Uniform references updated for custom material expression Custom.
[2017.03.30-21.16.17:562][  0]SourceControl: Info Source control is disabled
[2017.03.30-21.16.17:563][  0]SourceControl: Info Source control is disabled
[2017.03.30-21.16.17:631][  0]SourceControl: Info Source control is disabled
[2017.03.30-21.16.17:699][  0]SourceControl: Info Source control is disabled
[2017.03.30-21.16.19:728][  0]LogEngine: Initializing Engine...
[2017.03.30-21.16.19:729][  0]LogHMD: Failed to initialize OpenVR with code 110
[2017.03.30-21.16.20:378][  0]LogAIModule: Creating AISystem for world Untitled
[2017.03.30-21.16.20:390][  0]LogInit: XAudio2 using 'Speakers (Turtle Beach P11 Headset)' : 2 channels at 48 kHz using 16 bits per sample (channel mask 0x3)
[2017.03.30-21.16.20:428][  0]LogInit: FAudioDevice initialized.
[2017.03.30-21.16.20:440][  0]LogDerivedDataCache:Error: Could not save memory cache C:/Users/Goran/AppData/Local/UnrealEngine/4.15/DerivedDataCache/Boot.ddc.
[2017.03.30-21.16.20:452][  0]LogInit: Texture streaming: Enabled
[2017.03.30-21.16.20:593][  0]LogEngineSessionManager: EngineSessionManager initialized
[2017.03.30-21.16.20:734][  0]LogInit: Transaction tracking system initialized
[2017.03.30-21.16.21:266][  0]BlueprintLog: New page: Editor Load
[2017.03.30-21.16.22:601][  0]LogConfig:Warning: Failed to saved backup for config[Engine]
[2017.03.30-21.16.22:794][  0]LocalizationService: Info Localization service is disabled
[2017.03.30-21.16.23:855][  0]LogConsoleResponse:Display: 
[2017.03.30-21.16.24:601][  0]LogFileCache: Scanning file cache for directory 'C:/Users/Goran/Documents/GitHub/UnrealLearningProj/UnrealLearningProj/Content/' took 0.01s
[2017.03.30-21.16.24:601][  0]LogCook:Display: Max memory allowance for cook 16384mb min free memory 0mb
[2017.03.30-21.16.24:601][  0]LogCook:Display: Mobile HDR setting 1
[2017.03.30-21.16.26:240][  0]SourceControl: Info Source control is disabled
[2017.03.30-21.16.26:355][  0]LogFactory: FactoryCreateFile: PackFactory with PackFactory (0 0 C:/Program Files (x86)/Epic Games/UE_4.15/FeaturePacks/StarterContent.upack)
[2017.03.30-21.16.26:469][  0]LogPackFactory: Finished extracting 8 files (including 0 errors).
[2017.03.30-21.16.26:499][  0]LogPackFactory: Copied "../../../Samples/StarterContent/Content/StarterContent/Architecture/Floor_400x400.uasset" to "../../../../../../Users/Goran/Documents/GitHub/UnrealLearningProj/UnrealLearningProj/Content/StarterContent/Architecture/Floor_400x400.uasset"
[2017.03.30-21.16.26:524][  0]LogPackFactory: Copied "../../../Samples/StarterContent/Content/StarterContent/Architecture/Pillar_50x500.uasset" to "../../../../../../Users/Goran/Documents/GitHub/UnrealLearningProj/UnrealLearningProj/Content/StarterContent/Architecture/Pillar_50x500.uasset"
[2017.03.30-21.16.26:541][  0]LogPackFactory:Error: Unable to copy file "../../../Samples/StarterContent/Content/StarterContent/Architecture/SM_AssetPlatform.uasset" to "../../../../../../Users/Goran/Documents/GitHub/UnrealLearningProj/UnrealLearningProj/Content/StarterContent/Architecture/SM_AssetPlatform.uasset".
[2017.03.30-21.16.26:555][  0]LogPackFactory:Error: Unable to copy file "../../../Samples/StarterContent/Content/StarterContent/Architecture/Wall_400x200.uasset" to "../../../../../../Users/Goran/Documents/GitHub/UnrealLearningProj/UnrealLearningProj/Content/StarterContent/Architecture/Wall_400x200.uasset".
[2017.03.30-21.16.26:566][  0]LogPackFactory:Error: Unable to copy file "../../../Samples/StarterContent/Content/StarterContent/Architecture/Wall_400x300.uasset" to "../../../../../../Users/Goran/Documents/GitHub/UnrealLearningProj/UnrealLearningProj/Content/StarterContent/Architecture/Wall_400x300.uasset".
[2017.03.30-21.16.26:580][  0]LogPackFactory: Copied "../../../Samples/StarterContent/Content/StarterContent/Architecture/Wall_400x400.uasset" to "../../../../../../Users/Goran/Documents/GitHub/UnrealLearningProj/UnrealLearningProj/Content/StarterContent/Architecture/Wall_400x400.uasset"
[2017.03.30-21.16.26:590][  0]LogPackFactory:Error: Unable to copy file "../../../Samples/StarterContent/Content/StarterContent/Architecture/Wall_500x500.uasset" to "../../../../../../Users/Goran/Documents/GitHub/UnrealLearningProj/UnrealLearningProj/Content/StarterContent/Architecture/Wall_500x500.uasset".
[2017.03.30-21.16.26:609][  0]LogPackFactory: Copied "../../../Samples/StarterContent/Content/StarterContent/Architecture/Wall_Door_400x300.uasset" to "../../../../../../Users/Goran/Documents/GitHub/UnrealLearningProj/UnrealLearningProj/Content/StarterContent/Architecture/Wall_Door_400x300.uasset"
[2017.03.30-21.16.26:616][  0]LogPackFactory: Copied "../../../Samples/StarterContent/Content/StarterContent/Architecture/Wall_Door_400x400.uasset" to "../../../../../../Users/Goran/Documents/GitHub/UnrealLearningProj/UnrealLearningProj/Content/StarterContent/Architecture/Wall_Door_400x400.uasset"
[2017.03.30-21.16.26:625][  0]LogPackFactory: Copied "../../../Samples/StarterContent/Content/StarterContent/Architecture/Wall_Window_400x300.uasset" to "../../../../../../Users/Goran/Documents/GitHub/UnrealLearningProj/UnrealLearningProj/Content/StarterContent/Architecture/Wall_Window_400x300.uasset"
[2017.03.30-21.16.26:633][  0]LogPackFactory: Copied "../../../Samples/StarterContent/Content/StarterContent/Architecture/Wall_Window_400x400.uasset" to "../../../../../../Users/Goran/Documents/GitHub/UnrealLearningProj/UnrealLearningProj/Content/StarterContent/Architecture/Wall_Window_400x400.uasset"
[2017.03.30-21.16.26:647][  0]LogPackFactory: Copied "../../../Samples/StarterContent/Content/StarterContent/Audio/Collapse01.uasset" to "../../../../../../Users/Goran/Documents/GitHub/UnrealLearningProj/UnrealLearningProj/Content/StarterContent/Audio/Collapse01.uasset"
[2017.03.30-21.16.26:656][  0]LogPackFactory:Error: Unable to copy file "../../../Samples/StarterContent/Content/StarterContent/Audio/Collapse02.uasset" to "../../../../../../Users/Goran/Documents/GitHub/UnrealLearningProj/UnrealLearningProj/Content/StarterContent/Audio/Collapse02.uasset".
[2017.03.30-21.16.26:672][  0]LogPackFactory: Copied "../../../Samples/StarterContent/Content/StarterContent/Audio/Collapse_Cue.uasset" to "../../../../../../Users/Goran/Documents/GitHub/UnrealLearningProj/UnrealLearningProj/Content/StarterContent/Audio/Collapse_Cue.uasset"
[2017.03.30-21.16.26:684][  0]LogPackFactory:Error: Unable to copy file "../../../Samples/StarterContent/Content/StarterContent/Audio/Explosion01.uasset" to "../../../../../../Users/Goran/Documents/GitHub/UnrealLearningProj/UnrealLearningProj/Content/StarterContent/Audio/Explosion01.uasset".
[2017.03.30-21.16.26:721][  0]LogPackFactory: Copied "../../../Samples/StarterContent/Content/StarterContent/Audio/Explosion02.uasset" to "../../../../../../Users/Goran/Documents/GitHub/UnrealLearningProj/UnrealLearningProj/Content/StarterContent/Audio/Explosion02.uasset"
[2017.03.30-21.16.26:738][  0]LogPackFactory: Copied "../../../Samples/StarterContent/Content/StarterContent/Audio/Explosion_Cue.uasset" to "../../../../../../Users/Goran/Documents/GitHub/UnrealLearningProj/UnrealLearningProj/Content/StarterContent/Audio/Explosion_Cue.uasset"
[2017.03.30-21.16.26:758][  0]LogPackFactory: Copied "../../../Samples/StarterContent/Content/StarterContent/Audio/Fire01.uasset" to "../../../../../../Users/Goran/Documents/GitHub/UnrealLearningProj/UnrealLearningProj/Content/StarterContent/Audio/Fire01.uasset"
[2017.03.30-21.16.26:768][  0]LogPackFactory: Copied "../../../Samples/StarterContent/Content/StarterContent/Audio/Fire01_Cue.uasset" to "../../../../../../Users/Goran/Documents/GitHub/UnrealLearningProj/UnrealLearningProj/Content/StarterContent/Audio/Fire01_Cue.uasset"
[2017.03.30-21.16.26:862][  0]LogPackFactory:Error: Unable to copy file "../../../Samples/StarterContent/Content/StarterContent/Audio/Fire_Sparks01.uasset" to "../../../../../../Users/Goran/Documents/GitHub/UnrealLearningProj/UnrealLearningProj/Content/StarterContent/Audio/Fire_Sparks01.uasset".
[2017.03.30-21.16.26:877][  0]LogPackFactory: Copied "../../../Samples/StarterContent/Content/StarterContent/Audio/Fire_Sparks01_Cue.uasset" to "../../../../../../Users/Goran/Documents/GitHub/UnrealLearningProj/UnrealLearningProj/Content/StarterContent/Audio/Fire_Sparks01_Cue.uasset"
[2017.03.30-21.16.26:892][  0]LogPackFactory:Error: Unable to copy file "../../../Samples/StarterContent/Content/StarterContent/Audio/Light01.uasset" to "../../../../../../Users/Goran/Documents/GitHub/UnrealLearningProj/UnrealLearningProj/Content/StarterContent/Audio/Light01.uasset".
[2017.03.30-21.16.26:904][  0]LogPackFactory: Copied "../../../Samples/StarterContent/Content/StarterContent/Audio/Light01_Cue.uasset" to "../../../../../../Users/Goran/Documents/GitHub/UnrealLearningProj/UnrealLearningProj/Content/StarterContent/Audio/Light01_Cue.uasset"
[2017.03.30-21.16.26:927][  0]LogPackFactory: Copied "../../../Samples/StarterContent/Content/StarterContent/Audio/Light02.uasset" to "../../../../../../Users/Goran/Documents/GitHub/UnrealLearningProj/UnrealLearningProj/Content/StarterContent/Audio/Light02.uasset"
[2017.03.30-21.16.26:960][  0]LogPackFactory:Error: Unable to copy file "../../../Samples/StarterContent/Content/StarterContent/Audio/Light02_Cue.uasset" to "../../../../../../Users/Goran/Documents/GitHub/UnrealLearningProj/UnrealLearningProj/Content/StarterContent/Audio/Light02_Cue.uasset".
[2017.03.30-21.16.26:980][  0]LogPackFactory:Error: Unable to copy file "../../../Samples/StarterContent/Content/StarterContent/Audio/Smoke01.uasset" to "../../../../../../Users/Goran/Documents/GitHub/UnrealLearningProj/UnrealLearningProj/Content/StarterContent/Audio/Smoke01.uasset".
[2017.03.30-21.16.26:997][  0]LogPackFactory: Copied "../../../Samples/StarterContent/Content/StarterContent/Audio/Smoke01_Cue.uasset" to "../../../../../../Users/Goran/Documents/GitHub/UnrealLearningProj/UnrealLearningProj/Content/StarterContent/Audio/Smoke01_Cue.uasset"
[2017.03.30-21.16.27:004][  0]LogPackFactory: Copied "../../../Samples/StarterContent/Content/StarterContent/Audio/Starter_Background_Cue.uasset" to "../../../../../../Users/Goran/Documents/GitHub/UnrealLearningProj/UnrealLearningProj/Content/StarterContent/Audio/Starter_Background_Cue.uasset"
[2017.03.30-21.16.27:032][  0]LogPackFactory:Error: Unable to copy file "../../../Samples/StarterContent/Content/StarterContent/Audio/Starter_Birds01.uasset" to "../../../../../../Users/Goran/Documents/GitHub/UnrealLearningProj/UnrealLearningProj/Content/StarterContent/Audio/Starter_Birds01.uasset".
[2017.03.30-21.16.29:240][  0]LogPackFactory: Copied "../../../Samples/StarterContent/Content/StarterContent/Audio/Starter_Music01.uasset" to "../../../../../../Users/Goran/Documents/GitHub/UnrealLearningProj/UnrealLearningProj/Content/StarterContent/Audio/Starter_Music01.uasset"
[2017.03.30-21.16.29:303][  0]LogPackFactory: Copied "../../../Samples/StarterContent/Content/StarterContent/Audio/Starter_Music_Cue.uasset" to "../../../../../../Users/Goran/Documents/GitHub/UnrealLearningProj/UnrealLearningProj/Content/StarterContent/Audio/Starter_Music_Cue.uasset"
[2017.03.30-21.16.29:364][  0]LogPackFactory: Copied "../../../Samples/StarterContent/Content/StarterContent/Audio/Starter_Wind05.uasset" to "../../../../../../Users/Goran/Documents/GitHub/UnrealLearningProj/UnrealLearningProj/Content/StarterContent/Audio/Starter_Wind05.uasset"
[2017.03.30-21.16.29:494][  0]LogPackFactory: Copied "../../../Samples/StarterContent/Content/StarterContent/Audio/Starter_Wind06.uasset" to "../../../../../../Users/Goran/Documents/GitHub/UnrealLearningProj/UnrealLearningProj/Content/StarterContent/Audio/Starter_Wind06.uasset"
[2017.03.30-21.16.29:500][  0]LogPackFactory: Copied "../../../Samples/StarterContent/Content/StarterContent/Audio/Steam01.uasset" to "../../../../../../Users/Goran/Documents/GitHub/UnrealLearningProj/UnrealLearningProj/Content/StarterContent/Audio/Steam01.uasset"
[2017.03.30-21.16.29:501][  0]LogPackFactory: Copied "../../../Samples/StarterContent/Content/StarterContent/Audio/Steam01_Cue.uasset" to "../../../../../../Users/Goran/Documents/GitHub/UnrealLearningProj/UnrealLearningProj/Content/StarterContent/Audio/Steam01_Cue.uasset"
[2017.03.30-21.16.29:539][  0]LogPackFactory: Copied "../../../Samples/StarterContent/Content/StarterContent/Blueprints/Blueprint_CeilingLight.uasset" to "../../../../../../Users/Goran/Documents/GitHub/UnrealLearningProj/UnrealLearningProj/Content/StarterContent/Blueprints/Blueprint_CeilingLight.uasset"
[2017.03.30-21.16.29:544][  0]LogPackFactory: Copied "../../../Samples/StarterContent/Content/StarterContent/Blueprints/Blueprint_Effect_Explosion.uasset" to "../../../../../../Users/Goran/Documents/GitHub/UnrealLearningProj/UnrealLearningProj/Content/StarterContent/Blueprints/Blueprint_Effect_Explosion.uasset"
[2017.03.30-21.16.29:549][  0]LogPackFactory: Copied "../../../Samples/StarterContent/Content/StarterContent/Blueprints/Blueprint_Effect_Fire.uasset" to "../../../../../../Users/Goran/Documents/GitHub/UnrealLearningProj/UnrealLearningProj/Content/StarterContent/Blueprints/Blueprint_Effect_Fire.uasset"
[2017.03.30-21.16.29:553][  0]LogPackFactory: Copied "../../../Samples/StarterContent/Content/StarterContent/Blueprints/Blueprint_Effect_Smoke.uasset" to "../../../../../../Users/Goran/Documents/GitHub/UnrealLearningProj/UnrealLearningProj/Content/StarterContent/Blueprints/Blueprint_Effect_Smoke.uasset"
[2017.03.30-21.16.29:557][  0]LogPackFactory: Copied "../../../Samples/StarterContent/Content/StarterContent/Blueprints/Blueprint_Effect_Sparks.uasset" to "../../../../../../Users/Goran/Documents/GitHub/UnrealLearningProj/UnrealLearningProj/Content/StarterContent/Blueprints/Blueprint_Effect_Sparks.uasset"
[2017.03.30-21.16.29:560][  0]LogPackFactory: Copied "../../../Samples/StarterContent/Content/StarterContent/Blueprints/Blueprint_Effect_Steam.uasset" to "../../../../../../Users/Goran/Documents/GitHub/UnrealLearningProj/UnrealLearningProj/Content/StarterContent/Blueprints/Blueprint_Effect_Steam.uasset"
[2017.03.30-21.16.29:565][  0]LogPackFactory: Copied "../../../Samples/StarterContent/Content/StarterContent/Blueprints/Blueprint_WallSconce.uasset" to "../../../../../../Users/Goran/Documents/GitHub/UnrealLearningProj/UnrealLearningProj/Content/StarterContent/Blueprints/Blueprint_WallSconce.uasset"
[2017.03.30-21.16.29:570][  0]LogPackFactory: Copied "../../../Samples/StarterContent/Content/StarterContent/Blueprints/BP_LightStudio.uasset" to "../../../../../../Users/Goran/Documents/GitHub/UnrealLearningProj/UnrealLearningProj/Content/StarterContent/Blueprints/BP_LightStudio.uasset"
[2017.03.30-21.16.29:572][  0]LogPackFactory: Copied "../../../Samples/StarterContent/Content/StarterContent/Blueprints/Assets/FogBrightnessLUT.uasset" to "../../../../../../Users/Goran/Documents/GitHub/UnrealLearningProj/UnrealLearningProj/Content/StarterContent/Blueprints/Assets/FogBrightnessLUT.uasset"
[2017.03.30-21.16.29:575][  0]LogPackFactory: Copied "../../../Samples/StarterContent/Content/StarterContent/Blueprints/Assets/M_LightStage_Arrows.uasset" to "../../../../../../Users/Goran/Documents/GitHub/UnrealLearningProj/UnrealLearningProj/Content/StarterContent/Blueprints/Assets/M_LightStage_Arrows.uasset"
[2017.03.30-21.16.29:579][  0]LogPackFactory: Copied "../../../Samples/StarterContent/Content/StarterContent/Blueprints/Assets/M_LightStage_Skybox_Black.uasset" to "../../../../../../Users/Goran/Documents/GitHub/UnrealLearningProj/UnrealLearningProj/Content/StarterContent/Blueprints/Assets/M_LightStage_Skybox_Black.uasset"
[2017.03.30-21.16.29:585][  0]LogPackFactory: Copied "../../../Samples/StarterContent/Content/StarterContent/Blueprints/Assets/M_LightStage_Skybox_HDRI.uasset" to "../../../../../../Users/Goran/Documents/GitHub/UnrealLearningProj/UnrealLearningProj/Content/StarterContent/Blueprints/Assets/M_LightStage_Skybox_HDRI.uasset"
[2017.03.30-21.16.29:588][  0]LogPackFactory: Copied "../../../Samples/StarterContent/Content/StarterContent/Blueprints/Assets/M_LightStage_Skybox_Master.uasset" to "../../../../../../Users/Goran/Documents/GitHub/UnrealLearningProj/UnrealLearningProj/Content/StarterContent/Blueprints/Assets/M_LightStage_Skybox_Master.uasset"
[2017.03.30-21.16.29:592][  0]LogPackFactory: Copied "../../../Samples/StarterContent/Content/StarterContent/Blueprints/Assets/Skybox.uasset" to "../../../../../../Users/Goran/Documents/GitHub/UnrealLearningProj/UnrealLearningProj/Content/StarterContent/Blueprints/Assets/Skybox.uasset"
[2017.03.30-21.16.29:596][  0]LogPackFactory: Copied "../../../Samples/StarterContent/Content/StarterContent/Blueprints/Assets/SM_Arrows.uasset" to "../../../../../../Users/Goran/Documents/GitHub/UnrealLearningProj/UnrealLearningProj/Content/StarterContent/Blueprints/Assets/SM_Arrows.uasset"
[2017.03.30-21.16.29:598][  0]LogPackFactory: Copied "../../../Samples/StarterContent/Content/StarterContent/Blueprints/Assets/SunlightColorLUT.uasset" to "../../../../../../Users/Goran/Documents/GitHub/UnrealLearningProj/UnrealLearningProj/Content/StarterContent/Blueprints/Assets/SunlightColorLUT.uasset"
[2017.03.30-21.16.29:865][  0]LogPackFactory:Error: Unable to copy file "../../../Samples/StarterContent/Content/StarterContent/HDRI/HDRI_Epic_Courtyard_Daylight.uasset" to "../../../../../../Users/Goran/Documents/GitHub/UnrealLearningProj/UnrealLearningProj/Content/StarterContent/HDRI/HDRI_Epic_Courtyard_Daylight.uasset".
[2017.03.30-21.16.30:273][  0]LogPackFactory: Copied "../../../Samples/StarterContent/Content/StarterContent/Maps/Advanced_Lighting.umap" to "../../../../../../Users/Goran/Documents/GitHub/UnrealLearningProj/UnrealLearningProj/Content/StarterContent/Maps/Advanced_Lighting.umap"
[2017.03.30-21.16.30:419][  0]LogPackFactory: Copied "../../../Samples/StarterContent/Content/StarterContent/Maps/Advanced_Lighting_BuiltData.uasset" to "../../../../../../Users/Goran/Documents/GitHub/UnrealLearningProj/UnrealLearningProj/Content/StarterContent/Maps/Advanced_Lighting_BuiltData.uasset"
[2017.03.30-21.16.30:656][  0]LogPackFactory: Copied "../../../Samples/StarterContent/Content/StarterContent/Maps/Minimal_Default.umap" to "../../../../../../Users/Goran/Documents/GitHub/UnrealLearningProj/UnrealLearningProj/Content/StarterContent/Maps/Minimal_Default.umap"
[2017.03.30-21.16.30:723][  0]LogPackFactory: Copied "../../../Samples/StarterContent/Content/StarterContent/Maps/Minimal_Default_BuiltData.uasset" to "../../../../../../Users/Goran/Documents/GitHub/UnrealLearningProj/UnrealLearningProj/Content/StarterContent/Maps/Minimal_Default_BuiltData.uasset"
[2017.03.30-21.16.30:778][  0]LogPackFactory: Copied "../../../Samples/StarterContent/Content/StarterContent/Maps/StarterMap.umap" to "../../../../../../Users/Goran/Documents/GitHub/UnrealLearningProj/UnrealLearningProj/Content/StarterContent/Maps/StarterMap.umap"
[2017.03.30-21.16.30:896][  0]LogPackFactory: Copied "../../../Samples/StarterContent/Content/StarterContent/Maps/StarterMap_BuiltData.uasset" to "../../../../../../Users/Goran/Documents/GitHub/UnrealLearningProj/UnrealLearningProj/Content/StarterContent/Maps/StarterMap_BuiltData.uasset"
[2017.03.30-21.16.30:970][  0]LogPackFactory: Copied "../../../Samples/StarterContent/Content/StarterContent/Materials/M_AssetPlatform.uasset" to "../../../../../../Users/Goran/Documents/GitHub/UnrealLearningProj/UnrealLearningProj/Content/StarterContent/Materials/M_AssetPlatform.uasset"
[2017.03.30-21.16.31:027][  0]LogPackFactory: Copied "../../../Samples/StarterContent/Content/StarterContent/Materials/M_Basic_Floor.uasset" to "../../../../../../Users/Goran/Documents/GitHub/UnrealLearningProj/UnrealLearningProj/Content/StarterContent/Materials/M_Basic_Floor.uasset"
[2017.03.30-21.16.31:191][  0]LogPackFactory: Copied "../../../Samples/StarterContent/Content/StarterContent/Materials/M_Basic_Wall.uasset" to "../../../../../../Users/Goran/Documents/GitHub/UnrealLearningProj/UnrealLearningProj/Content/StarterContent/Materials/M_Basic_Wall.uasset"
[2017.03.30-21.16.31:230][  0]LogPackFactory: Copied "../../../Samples/StarterContent/Content/StarterContent/Materials/M_Brick_Clay_Beveled.uasset" to "../../../../../../Users/Goran/Documents/GitHub/UnrealLearningProj/UnrealLearningProj/Content/StarterContent/Materials/M_Brick_Clay_Beveled.uasset"
[2017.03.30-21.16.31:264][  0]LogPackFactory: Copied "../../../Samples/StarterContent/Content/StarterContent/Materials/M_Brick_Clay_New.uasset" to "../../../../../../Users/Goran/Documents/GitHub/UnrealLearningProj/UnrealLearningProj/Content/StarterContent/Materials/M_Brick_Clay_New.uasset"
[2017.03.30-21.16.31:304][  0]LogPackFactory: Copied "../../../Samples/StarterContent/Content/StarterContent/Materials/M_Brick_Clay_Old.uasset" to "../../../../../../Users/Goran/Documents/GitHub/UnrealLearningProj/UnrealLearningProj/Content/StarterContent/Materials/M_Brick_Clay_Old.uasset"
[2017.03.30-21.16.31:384][  0]LogPackFactory: Copied "../../../Samples/StarterContent/Content/StarterContent/Materials/M_Brick_Cut_Stone.uasset" to "../../../../../../Users/Goran/Documents/GitHub/UnrealLearningProj/UnrealLearningProj/Content/StarterContent/Materials/M_Brick_Cut_Stone.uasset"
[2017.03.30-21.16.31:443][  0]LogPackFactory: Copied "../../../Samples/StarterContent/Content/StarterContent/Materials/M_Brick_Hewn_Stone.uasset" to "../../../../../../Users/Goran/Documents/GitHub/UnrealLearningProj/UnrealLearningProj/Content/StarterContent/Materials/M_Brick_Hewn_Stone.uasset"
[2017.03.30-21.16.31:488][  0]LogPackFactory: Copied "../../../Samples/StarterContent/Content/StarterContent/Materials/M_Ceramic_Tile_Checker.uasset" to "../../../../../../Users/Goran/Documents/GitHub/UnrealLearningProj/UnrealLearningProj/Content/StarterContent/Materials/M_Ceramic_Tile_Checker.uasset"
[2017.03.30-21.16.31:533][  0]LogPackFactory: Copied "../../../Samples/StarterContent/Content/StarterContent/Materials/M_CobbleStone_Pebble.uasset" to "../../../../../../Users/Goran/Documents/GitHub/UnrealLearningProj/UnrealLearningProj/Content/StarterContent/Materials/M_CobbleStone_Pebble.uasset"
[2017.03.30-21.16.31:599][  0]LogPackFactory: Copied "../../../Samples/StarterContent/Content/StarterContent/Materials/M_CobbleStone_Rough.uasset" to "../../../../../../Users/Goran/Documents/GitHub/UnrealLearningProj/UnrealLearningProj/Content/StarterContent/Materials/M_CobbleStone_Rough.uasset"
[2017.03.30-21.16.31:638][  0]LogPackFactory: Copied "../../../Samples/StarterContent/Content/StarterContent/Materials/M_CobbleStone_Smooth.uasset" to "../../../../../../Users/Goran/Documents/GitHub/UnrealLearningProj/UnrealLearningProj/Content/StarterContent/Materials/M_CobbleStone_Smooth.uasset"
[2017.03.30-21.16.31:675][  0]LogPackFactory: Copied "../../../Samples/StarterContent/Content/StarterContent/Materials/M_ColorGrid_LowSpec.uasset" to "../../../../../../Users/Goran/Documents/GitHub/UnrealLearningProj/UnrealLearningProj/Content/StarterContent/Materials/M_ColorGrid_LowSpec.uasset"
[2017.03.30-21.16.31:716][  0]LogPackFactory: Copied "../../../Samples/StarterContent/Content/StarterContent/Materials/M_Concrete_Grime.uasset" to "../../../../../../Users/Goran/Documents/GitHub/UnrealLearningProj/UnrealLearningProj/Content/StarterContent/Materials/M_Concrete_Grime.uasset"
[2017.03.30-21.16.31:758][  0]LogPackFactory: Copied "../../../Samples/StarterContent/Content/StarterContent/Materials/M_Concrete_Panels.uasset" to "../../../../../../Users/Goran/Documents/GitHub/UnrealLearningProj/UnrealLearningProj/Content/StarterContent/Materials/M_Concrete_Panels.uasset"
[2017.03.30-21.16.31:793][  0]LogPackFactory: Copied "../../../Samples/StarterContent/Content/StarterContent/Materials/M_Concrete_Poured.uasset" to "../../../../../../Users/Goran/Documents/GitHub/UnrealLearningProj/UnrealLearningProj/Content/StarterContent/Materials/M_Concrete_Poured.uasset"
[2017.03.30-21.16.31:920][  0]LogPackFactory: Copied "../../../Samples/StarterContent/Content/StarterContent/Materials/M_Concrete_Tiles.uasset" to "../../../../../../Users/Goran/Documents/GitHub/UnrealLearningProj/UnrealLearningProj/Content/StarterContent/Materials/M_Concrete_Tiles.uasset"
[2017.03.30-21.16.31:974][  0]LogPackFactory: Copied "../../../Samples/StarterContent/Content/StarterContent/Materials/M_Glass.uasset" to "../../../../../../Users/Goran/Documents/GitHub/UnrealLearningProj/UnrealLearningProj/Content/StarterContent/Materials/M_Glass.uasset"
[2017.03.30-21.16.32:028][  0]LogPackFactory: Copied "../../../Samples/StarterContent/Content/StarterContent/Materials/M_Ground_Grass.uasset" to "../../../../../../Users/Goran/Documents/GitHub/UnrealLearningProj/UnrealLearningProj/Content/StarterContent/Materials/M_Ground_Grass.uasset"
[2017.03.30-21.16.32:072][  0]LogPackFactory: Copied "../../../Samples/StarterContent/Content/StarterContent/Materials/M_Ground_Gravel.uasset" to "../../../../../../Users/Goran/Documents/GitHub/UnrealLearningProj/UnrealLearningProj/Content/StarterContent/Materials/M_Ground_Gravel.uasset"
[2017.03.30-21.16.32:114][  0]LogPackFactory: Copied "../../../Samples/StarterContent/Content/StarterContent/Materials/M_Ground_Moss.uasset" to "../../../../../../Users/Goran/Documents/GitHub/UnrealLearningProj/UnrealLearningProj/Content/StarterContent/Materials/M_Ground_Moss.uasset"
[2017.03.30-21.16.32:149][  0]LogPackFactory: Copied "../../../Samples/StarterContent/Content/StarterContent/Materials/M_Metal_Brushed_Nickel.uasset" to "../../../../../../Users/Goran/Documents/GitHub/UnrealLearningProj/UnrealLearningProj/Content/StarterContent/Materials/M_Metal_Brushed_Nickel.uasset"
[2017.03.30-21.16.32:193][  0]LogPackFactory: Copied "../../../Samples/StarterContent/Content/StarterContent/Materials/M_Metal_Burnished_Steel.uasset" to "../../../../../../Users/Goran/Documents/GitHub/UnrealLearningProj/UnrealLearningProj/Content/StarterContent/Materials/M_Metal_Burnished_Steel.uasset"
[2017.03.30-21.16.32:244][  0]LogPackFactory: Copied "../../../Samples/StarterContent/Content/StarterContent/Materials/M_Metal_Chrome.uasset" to "../../../../../../Users/Goran/Documents/GitHub/UnrealLearningProj/UnrealLearningProj/Content/StarterContent/Materials/M_Metal_Chrome.uasset"
[2017.03.30-21.16.32:280][  0]LogPackFactory: Copied "../../../Samples/StarterContent/Content/StarterContent/Materials/M_Metal_Copper.uasset" to "../../../../../../Users/Goran/Documents/GitHub/UnrealLearningProj/UnrealLearningProj/Content/StarterContent/Materials/M_Metal_Copper.uasset"
[2017.03.30-21.16.32:316][  0]LogPackFactory: Copied "../../../Samples/StarterContent/Content/StarterContent/Materials/M_Metal_Gold.uasset" to "../../../../../../Users/Goran/Documents/GitHub/UnrealLearningProj/UnrealLearningProj/Content/StarterContent/Materials/M_Metal_Gold.uasset"
[2017.03.30-21.16.32:891][  0]LogPackFactory: Copied "../../../Samples/StarterContent/Content/StarterContent/Materials/M_Metal_Rust.uasset" to "../../../../../../Users/Goran/Documents/GitHub/UnrealLearningProj/UnrealLearningProj/Content/StarterContent/Materials/M_Metal_Rust.uasset"
[2017.03.30-21.16.33:299][  0]LogPackFactory: Copied "../../../Samples/StarterContent/Content/StarterContent/Materials/M_Metal_Steel.uasset" to "../../../../../../Users/Goran/Documents/GitHub/UnrealLearningProj/UnrealLearningProj/Content/StarterContent/Materials/M_Metal_Steel.uasset"
[2017.03.30-21.16.33:369][  0]LogPackFactory: Copied "../../../Samples/StarterContent/Content/StarterContent/Materials/M_Rock_Basalt.uasset" to "../../../../../../Users/Goran/Documents/GitHub/UnrealLearningProj/UnrealLearningProj/Content/StarterContent/Materials/M_Rock_Basalt.uasset"
[2017.03.30-21.16.33:398][  0]LogPackFactory: Copied "../../../Samples/StarterContent/Content/StarterContent/Materials/M_Rock_Marble_Polished.uasset" to "../../../../../../Users/Goran/Documents/GitHub/UnrealLearningProj/UnrealLearningProj/Content/StarterContent/Materials/M_Rock_Marble_Polished.uasset"
[2017.03.30-21.16.33:434][  0]LogPackFactory: Copied "../../../Samples/StarterContent/Content/StarterContent/Materials/M_Rock_Sandstone.uasset" to "../../../../../../Users/Goran/Documents/GitHub/UnrealLearningProj/UnrealLearningProj/Content/StarterContent/Materials/M_Rock_Sandstone.uasset"
[2017.03.30-21.16.33:502][  0]LogPackFactory: Copied "../../../Samples/StarterContent/Content/StarterContent/Materials/M_Rock_Slate.uasset" to "../../../../../../Users/Goran/Documents/GitHub/UnrealLearningProj/UnrealLearningProj/Content/StarterContent/Materials/M_Rock_Slate.uasset"
[2017.03.30-21.16.33:537][  0]LogPackFactory: Copied "../../../Samples/StarterContent/Content/StarterContent/Materials/M_Tech_Checker_Dot.uasset" to "../../../../../../Users/Goran/Documents/GitHub/UnrealLearningProj/UnrealLearningProj/Content/StarterContent/Materials/M_Tech_Checker_Dot.uasset"
[2017.03.30-21.16.33:571][  0]LogPackFactory: Copied "../../../Samples/StarterContent/Content/StarterContent/Materials/M_Tech_Hex_Tile.uasset" to "../../../../../../Users/Goran/Documents/GitHub/UnrealLearningProj/UnrealLearningProj/Content/StarterContent/Materials/M_Tech_Hex_Tile.uasset"
[2017.03.30-21.16.33:616][  0]LogPackFactory: Copied "../../../Samples/StarterContent/Content/StarterContent/Materials/M_Tech_Hex_Tile_Pulse.uasset" to "../../../../../../Users/Goran/Documents/GitHub/UnrealLearningProj/UnrealLearningProj/Content/StarterContent/Materials/M_Tech_Hex_Tile_Pulse.uasset"
[2017.03.30-21.16.33:651][  0]LogPackFactory: Copied "../../../Samples/StarterContent/Content/StarterContent/Materials/M_Tech_Panel.uasset" to "../../../../../../Users/Goran/Documents/GitHub/UnrealLearningProj/UnrealLearningProj/Content/StarterContent/Materials/M_Tech_Panel.uasset"
[2017.03.30-21.16.33:716][  0]LogPackFactory: Copied "../../../Samples/StarterContent/Content/StarterContent/Materials/M_Water_Lake.uasset" to "../../../../../../Users/Goran/Documents/GitHub/UnrealLearningProj/UnrealLearningProj/Content/StarterContent/Materials/M_Water_Lake.uasset"
[2017.03.30-21.16.33:775][  0]LogPackFactory: Copied "../../../Samples/StarterContent/Content/StarterContent/Materials/M_Water_Ocean.uasset" to "../../../../../../Users/Goran/Documents/GitHub/UnrealLearningProj/UnrealLearningProj/Content/StarterContent/Materials/M_Water_Ocean.uasset"
[2017.03.30-21.16.34:061][  0]LogPackFactory: Copied "../../../Samples/StarterContent/Content/StarterContent/Materials/M_Wood_Floor_Walnut_Polished.uasset" to "../../../../../../Users/Goran/Documents/GitHub/UnrealLearningProj/UnrealLearningProj/Content/StarterContent/Materials/M_Wood_Floor_Walnut_Polished.uasset"
[2017.03.30-21.16.34:106][  0]LogPackFactory: Copied "../../../Samples/StarterContent/Content/StarterContent/Materials/M_Wood_Floor_Walnut_Worn.uasset" to "../../../../../../Users/Goran/Documents/GitHub/UnrealLearningProj/UnrealLearningProj/Content/StarterContent/Materials/M_Wood_Floor_Walnut_Worn.uasset"
[2017.03.30-21.16.34:139][  0]LogPackFactory: Copied "../../../Samples/StarterContent/Content/StarterContent/Materials/M_Wood_Oak.uasset" to "../../../../../../Users/Goran/Documents/GitHub/UnrealLearningProj/UnrealLearningProj/Content/StarterContent/Materials/M_Wood_Oak.uasset"
[2017.03.30-21.16.34:170][  0]LogPackFactory: Copied "../../../Samples/StarterContent/Content/StarterContent/Materials/M_Wood_Pine.uasset" to "../../../../../../Users/Goran/Documents/GitHub/UnrealLearningProj/UnrealLearningProj/Content/StarterContent/Materials/M_Wood_Pine.uasset"
[2017.03.30-21.16.34:225][  0]LogPackFactory: Copied "../../../Samples/StarterContent/Content/StarterContent/Materials/M_Wood_Walnut.uasset" to "../../../../../../Users/Goran/Documents/GitHub/UnrealLearningProj/UnrealLearningProj/Content/StarterContent/Materials/M_Wood_Walnut.uasset"
[2017.03.30-21.16.34:300][  0]LogPackFactory: Copied "../../../Samples/StarterContent/Content/StarterContent/Particles/P_Ambient_Dust.uasset" to "../../../../../../Users/Goran/Documents/GitHub/UnrealLearningProj/UnrealLearningProj/Content/StarterContent/Particles/P_Ambient_Dust.uasset"
[2017.03.30-21.16.34:326][  0]LogPackFactory: Copied "../../../Samples/StarterContent/Content/StarterContent/Particles/P_Explosion.uasset" to "../../../../../../Users/Goran/Documents/GitHub/UnrealLearningProj/UnrealLearningProj/Content/StarterContent/Particles/P_Explosion.uasset"
[2017.03.30-21.16.34:480][  0]LogPackFactory: Copied "../../../Samples/StarterContent/Content/StarterContent/Particles/P_Fire.uasset" to "../../../../../../Users/Goran/Documents/GitHub/UnrealLearningProj/UnrealLearningProj/Content/StarterContent/Particles/P_Fire.uasset"
[2017.03.30-21.16.34:507][  0]LogPackFactory: Copied "../../../Samples/StarterContent/Content/StarterContent/Particles/P_Smoke.uasset" to "../../../../../../Users/Goran/Documents/GitHub/UnrealLearningProj/UnrealLearningProj/Content/StarterContent/Particles/P_Smoke.uasset"
[2017.03.30-21.16.34:548][  0]LogPackFactory: Copied "../../../Samples/StarterContent/Content/StarterContent/Particles/P_Sparks.uasset" to "../../../../../../Users/Goran/Documents/GitHub/UnrealLearningProj/UnrealLearningProj/Content/StarterContent/Particles/P_Sparks.uasset"
[2017.03.30-21.16.34:768][  0]LogPackFactory: Copied "../../../Samples/StarterContent/Content/StarterContent/Particles/P_Steam_Lit.uasset" to "../../../../../../Users/Goran/Documents/GitHub/UnrealLearningProj/UnrealLearningProj/Content/StarterContent/Particles/P_Steam_Lit.uasset"
[2017.03.30-21.16.34:806][  0]LogPackFactory: Copied "../../../Samples/StarterContent/Content/StarterContent/Particles/Materials/M_Burst.uasset" to "../../../../../../Users/Goran/Documents/GitHub/UnrealLearningProj/UnrealLearningProj/Content/StarterContent/Particles/Materials/M_Burst.uasset"
[2017.03.30-21.16.34:870][  0]LogPackFactory: Copied "../../../Samples/StarterContent/Content/StarterContent/Particles/Materials/M_Dust_Particle.uasset" to "../../../../../../Users/Goran/Documents/GitHub/UnrealLearningProj/UnrealLearningProj/Content/StarterContent/Particles/Materials/M_Dust_Particle.uasset"
[2017.03.30-21.16.34:932][  0]LogPackFactory: Copied "../../../Samples/StarterContent/Content/StarterContent/Particles/Materials/M_explosion_subUV.uasset" to "../../../../../../Users/Goran/Documents/GitHub/UnrealLearningProj/UnrealLearningProj/Content/StarterContent/Particles/Materials/M_explosion_subUV.uasset"
[2017.03.30-21.16.35:020][  0]LogPackFactory: Copied "../../../Samples/StarterContent/Content/StarterContent/Particles/Materials/M_Fire_SubUV.uasset" to "../../../../../../Users/Goran/Documents/GitHub/UnrealLearningProj/UnrealLearningProj/Content/StarterContent/Particles/Materials/M_Fire_SubUV.uasset"
[2017.03.30-21.16.35:225][  0]LogPackFactory: Copied "../../../Samples/StarterContent/Content/StarterContent/Particles/Materials/m_flare_01.uasset" to "../../../../../../Users/Goran/Documents/GitHub/UnrealLearningProj/UnrealLearningProj/Content/StarterContent/Particles/Materials/m_flare_01.uasset"
[2017.03.30-21.16.35:285][  0]LogPackFactory: Copied "../../../Samples/StarterContent/Content/StarterContent/Particles/Materials/M_Heat_Distortion.uasset" to "../../../../../../Users/Goran/Documents/GitHub/UnrealLearningProj/UnrealLearningProj/Content/StarterContent/Particles/Materials/M_Heat_Distortion.uasset"
[2017.03.30-21.16.35:359][  0]LogPackFactory: Copied "../../../Samples/StarterContent/Content/StarterContent/Particles/Materials/M_Radial_Gradient.uasset" to "../../../../../../Users/Goran/Documents/GitHub/UnrealLearningProj/UnrealLearningProj/Content/StarterContent/Particles/Materials/M_Radial_Gradient.uasset"
[2017.03.30-21.16.35:416][  0]LogPackFactory: Copied "../../../Samples/StarterContent/Content/StarterContent/Particles/Materials/M_radial_ramp.uasset" to "../../../../../../Users/Goran/Documents/GitHub/UnrealLearningProj/UnrealLearningProj/Content/StarterContent/Particles/Materials/M_radial_ramp.uasset"
[2017.03.30-21.16.35:471][  0]LogPackFactory: Copied "../../../Samples/StarterContent/Content/StarterContent/Particles/Materials/M_smoke_subUV.uasset" to "../../../../../../Users/Goran/Documents/GitHub/UnrealLearningProj/UnrealLearningProj/Content/StarterContent/Particles/Materials/M_smoke_subUV.uasset"
[2017.03.30-21.16.35:579][  0]LogPackFactory: Copied "../../../Samples/StarterContent/Content/StarterContent/Particles/Materials/M_Spark.uasset" to "../../../../../../Users/Goran/Documents/GitHub/UnrealLearningProj/UnrealLearningProj/Content/StarterContent/Particles/Materials/M_Spark.uasset"
[2017.03.30-21.16.35:620][  0]LogPackFactory: Copied "../../../Samples/StarterContent/Content/StarterContent/Props/MaterialSphere.uasset" to "../../../../../../Users/Goran/Documents/GitHub/UnrealLearningProj/UnrealLearningProj/Content/StarterContent/Props/MaterialSphere.uasset"
[2017.03.30-21.16.35:642][  0]LogPackFactory: Copied "../../../Samples/StarterContent/Content/StarterContent/Props/SM_Bush.uasset" to "../../../../../../Users/Goran/Documents/GitHub/UnrealLearningProj/UnrealLearningProj/Content/StarterContent/Props/SM_Bush.uasset"
[2017.03.30-21.16.35:670][  0]LogPackFactory: Copied "../../../Samples/StarterContent/Content/StarterContent/Props/SM_Chair.uasset" to "../../../../../../Users/Goran/Documents/GitHub/UnrealLearningProj/UnrealLearningProj/Content/StarterContent/Props/SM_Chair.uasset"
[2017.03.30-21.16.35:692][  0]LogPackFactory: Copied "../../../Samples/StarterContent/Content/StarterContent/Props/SM_CornerFrame.uasset" to "../../../../../../Users/Goran/Documents/GitHub/UnrealLearningProj/UnrealLearningProj/Content/StarterContent/Props/SM_CornerFrame.uasset"
[2017.03.30-21.16.35:715][  0]LogPackFactory: Copied "../../../Samples/StarterContent/Content/StarterContent/Props/SM_Couch.uasset" to "../../../../../../Users/Goran/Documents/GitHub/UnrealLearningProj/UnrealLearningProj/Content/StarterContent/Props/SM_Couch.uasset"
[2017.03.30-21.16.35:737][  0]LogPackFactory: Copied "../../../Samples/StarterContent/Content/StarterContent/Props/SM_Door.uasset" to "../../../../../../Users/Goran/Documents/GitHub/UnrealLearningProj/UnrealLearningProj/Content/StarterContent/Props/SM_Door.uasset"
[2017.03.30-21.16.35:821][  0]LogPackFactory: Copied "../../../Samples/StarterContent/Content/StarterContent/Props/SM_DoorFrame.uasset" to "../../../../../../Users/Goran/Documents/GitHub/UnrealLearningProj/UnrealLearningProj/Content/StarterContent/Props/SM_DoorFrame.uasset"
[2017.03.30-21.16.35:840][  0]LogPackFactory: Copied "../../../Samples/StarterContent/Content/StarterContent/Props/SM_GlassWindow.uasset" to "../../../../../../Users/Goran/Documents/GitHub/UnrealLearningProj/UnrealLearningProj/Content/StarterContent/Props/SM_GlassWindow.uasset"
[2017.03.30-21.16.35:861][  0]LogPackFactory: Copied "../../../Samples/StarterContent/Content/StarterContent/Props/SM_Lamp_Ceiling.uasset" to "../../../../../../Users/Goran/Documents/GitHub/UnrealLearningProj/UnrealLearningProj/Content/StarterContent/Props/SM_Lamp_Ceiling.uasset"
[2017.03.30-21.16.35:888][  0]LogPackFactory: Copied "../../../Samples/StarterContent/Content/StarterContent/Props/SM_Lamp_Wall.uasset" to "../../../../../../Users/Goran/Documents/GitHub/UnrealLearningProj/UnrealLearningProj/Content/StarterContent/Props/SM_Lamp_Wall.uasset"
[2017.03.30-21.16.35:922][  0]LogPackFactory: Copied "../../../Samples/StarterContent/Content/StarterContent/Props/SM_MatPreviewMesh_02.uasset" to "../../../../../../Users/Goran/Documents/GitHub/UnrealLearningProj/UnrealLearningProj/Content/StarterContent/Props/SM_MatPreviewMesh_02.uasset"
[2017.03.30-21.16.35:951][  0]LogPackFactory: Copied "../../../Samples/StarterContent/Content/StarterContent/Props/SM_PillarFrame.uasset" to "../../../../../../Users/Goran/Documents/GitHub/UnrealLearningProj/UnrealLearningProj/Content/StarterContent/Props/SM_PillarFrame.uasset"
[2017.03.30-21.16.35:976][  0]LogPackFactory: Copied "../../../Samples/StarterContent/Content/StarterContent/Props/SM_PillarFrame300.uasset" to "../../../../../../Users/Goran/Documents/GitHub/UnrealLearningProj/UnrealLearningProj/Content/StarterContent/Props/SM_PillarFrame300.uasset"
[2017.03.30-21.16.36:002][  0]LogPackFactory: Copied "../../../Samples/StarterContent/Content/StarterContent/Props/SM_Rock.uasset" to "../../../../../../Users/Goran/Documents/GitHub/UnrealLearningProj/UnrealLearningProj/Content/StarterContent/Props/SM_Rock.uasset"
[2017.03.30-21.16.36:026][  0]LogPackFactory: Copied "../../../Samples/StarterContent/Content/StarterContent/Props/SM_Shelf.uasset" to "../../../../../../Users/Goran/Documents/GitHub/UnrealLearningProj/UnrealLearningProj/Content/StarterContent/Props/SM_Shelf.uasset"
[2017.03.30-21.16.36:054][  0]LogPackFactory: Copied "../../../Samples/StarterContent/Content/StarterContent/Props/SM_Stairs.uasset" to "../../../../../../Users/Goran/Documents/GitHub/UnrealLearningProj/UnrealLearningProj/Content/StarterContent/Props/SM_Stairs.uasset"
[2017.03.30-21.16.36:073][  0]LogPackFactory: Copied "../../../Samples/StarterContent/Content/StarterContent/Props/SM_Statue.uasset" to "../../../../../../Users/Goran/Documents/GitHub/UnrealLearningProj/UnrealLearningProj/Content/StarterContent/Props/SM_Statue.uasset"
[2017.03.30-21.16.36:094][  0]LogPackFactory: Copied "../../../Samples/StarterContent/Content/StarterContent/Props/SM_TableRound.uasset" to "../../../../../../Users/Goran/Documents/GitHub/UnrealLearningProj/UnrealLearningProj/Content/StarterContent/Props/SM_TableRound.uasset"
[2017.03.30-21.16.36:118][  0]LogPackFactory: Copied "../../../Samples/StarterContent/Content/StarterContent/Props/SM_WindowFrame.uasset" to "../../../../../../Users/Goran/Documents/GitHub/UnrealLearningProj/UnrealLearningProj/Content/StarterContent/Props/SM_WindowFrame.uasset"
[2017.03.30-21.16.36:198][  0]LogPackFactory: Copied "../../../Samples/StarterContent/Content/StarterContent/Props/Materials/M_Bush.uasset" to "../../../../../../Users/Goran/Documents/GitHub/UnrealLearningProj/UnrealLearningProj/Content/StarterContent/Props/Materials/M_Bush.uasset"
[2017.03.30-21.16.36:220][  0]LogPackFactory: Copied "../../../Samples/StarterContent/Content/StarterContent/Props/Materials/M_Chair.uasset" to "../../../../../../Users/Goran/Documents/GitHub/UnrealLearningProj/UnrealLearningProj/Content/StarterContent/Props/Materials/M_Chair.uasset"
[2017.03.30-21.16.36:239][  0]LogPackFactory: Copied "../../../Samples/StarterContent/Content/StarterContent/Props/Materials/M_Door.uasset" to "../../../../../../Users/Goran/Documents/GitHub/UnrealLearningProj/UnrealLearningProj/Content/StarterContent/Props/Materials/M_Door.uasset"
[2017.03.30-21.16.36:267][  0]LogPackFactory: Copied "../../../Samples/StarterContent/Content/StarterContent/Props/Materials/M_Frame.uasset" to "../../../../../../Users/Goran/Documents/GitHub/UnrealLearningProj/UnrealLearningProj/Content/StarterContent/Props/Materials/M_Frame.uasset"
[2017.03.30-21.16.36:295][  0]LogPackFactory: Copied "../../../Samples/StarterContent/Content/StarterContent/Props/Materials/M_Lamp.uasset" to "../../../../../../Users/Goran/Documents/GitHub/UnrealLearningProj/UnrealLearningProj/Content/StarterContent/Props/Materials/M_Lamp.uasset"
[2017.03.30-21.16.36:322][  0]LogPackFactory: Copied "../../../Samples/StarterContent/Content/StarterContent/Props/Materials/M_MaterialSphere.uasset" to "../../../../../../Users/Goran/Documents/GitHub/UnrealLearningProj/UnrealLearningProj/Content/StarterContent/Props/Materials/M_MaterialSphere.uasset"
[2017.03.30-21.16.36:354][  0]LogPackFactory: Copied "../../../Samples/StarterContent/Content/StarterContent/Props/Materials/M_MaterialSphere_Plain.uasset" to "../../../../../../Users/Goran/Documents/GitHub/UnrealLearningProj/UnrealLearningProj/Content/StarterContent/Props/Materials/M_MaterialSphere_Plain.uasset"
[2017.03.30-21.16.36:374][  0]LogPackFactory: Copied "../../../Samples/StarterContent/Content/StarterContent/Props/Materials/M_Rock.uasset" to "../../../../../../Users/Goran/Documents/GitHub/UnrealLearningProj/UnrealLearningProj/Content/StarterContent/Props/Materials/M_Rock.uasset"
[2017.03.30-21.16.36:401][  0]LogPackFactory: Copied "../../../Samples/StarterContent/Content/StarterContent/Props/Materials/M_Shelf.uasset" to "../../../../../../Users/Goran/Documents/GitHub/UnrealLearningProj/UnrealLearningProj/Content/StarterContent/Props/Materials/M_Shelf.uasset"
[2017.03.30-21.16.36:433][  0]LogPackFactory: Copied "../../../Samples/StarterContent/Content/StarterContent/Props/Materials/M_Statue.uasset" to "../../../../../../Users/Goran/Documents/GitHub/UnrealLearningProj/UnrealLearningProj/Content/StarterContent/Props/Materials/M_Statue.uasset"
[2017.03.30-21.16.36:501][  0]LogPackFactory: Copied "../../../Samples/StarterContent/Content/StarterContent/Props/Materials/M_StatueGlass.uasset" to "../../../../../../Users/Goran/Documents/GitHub/UnrealLearningProj/UnrealLearningProj/Content/StarterContent/Props/Materials/M_StatueGlass.uasset"
[2017.03.30-21.16.36:532][  0]LogPackFactory: Copied "../../../Samples/StarterContent/Content/StarterContent/Props/Materials/M_TableRound.uasset" to "../../../../../../Users/Goran/Documents/GitHub/UnrealLearningProj/UnrealLearningProj/Content/StarterContent/Props/Materials/M_TableRound.uasset"
[2017.03.30-21.16.36:547][  0]LogPackFactory: Copied "../../../Samples/StarterContent/Content/StarterContent/Shapes/Shape_Cone.uasset" to "../../../../../../Users/Goran/Documents/GitHub/UnrealLearningProj/UnrealLearningProj/Content/StarterContent/Shapes/Shape_Cone.uasset"
[2017.03.30-21.16.36:583][  0]LogPackFactory: Copied "../../../Samples/StarterContent/Content/StarterContent/Shapes/Shape_Cube.uasset" to "../../../../../../Users/Goran/Documents/GitHub/UnrealLearningProj/UnrealLearningProj/Content/StarterContent/Shapes/Shape_Cube.uasset"
[2017.03.30-21.16.36:637][  0]LogPackFactory: Copied "../../../Samples/StarterContent/Content/StarterContent/Shapes/Shape_Cylinder.uasset" to "../../../../../../Users/Goran/Documents/GitHub/UnrealLearningProj/UnrealLearningProj/Content/StarterContent/Shapes/Shape_Cylinder.uasset"
[2017.03.30-21.16.36:673][  0]LogPackFactory: Copied "../../../Samples/StarterContent/Content/StarterContent/Shapes/Shape_NarrowCapsule.uasset" to "../../../../../../Users/Goran/Documents/GitHub/UnrealLearningProj/UnrealLearningProj/Content/StarterContent/Shapes/Shape_NarrowCapsule.uasset"
[2017.03.30-21.16.36:699][  0]LogPackFactory: Copied "../../../Samples/StarterContent/Content/StarterContent/Shapes/Shape_Pipe.uasset" to "../../../../../../Users/Goran/Documents/GitHub/UnrealLearningProj/UnrealLearningProj/Content/StarterContent/Shapes/Shape_Pipe.uasset"
[2017.03.30-21.16.36:720][  0]LogPackFactory: Copied "../../../Samples/StarterContent/Content/StarterContent/Shapes/Shape_Pipe_180.uasset" to "../../../../../../Users/Goran/Documents/GitHub/UnrealLearningProj/UnrealLearningProj/Content/StarterContent/Shapes/Shape_Pipe_180.uasset"
[2017.03.30-21.16.36:747][  0]LogPackFactory: Copied "../../../Samples/StarterContent/Content/StarterContent/Shapes/Shape_Pipe_90.uasset" to "../../../../../../Users/Goran/Documents/GitHub/UnrealLearningProj/UnrealLearningProj/Content/StarterContent/Shapes/Shape_Pipe_90.uasset"
[2017.03.30-21.16.36:786][  0]LogPackFactory: Copied "../../../Samples/StarterContent/Content/StarterContent/Shapes/Shape_Plane.uasset" to "../../../../../../Users/Goran/Documents/GitHub/UnrealLearningProj/UnrealLearningProj/Content/StarterContent/Shapes/Shape_Plane.uasset"
[2017.03.30-21.16.36:930][  0]LogPackFactory: Copied "../../../Samples/StarterContent/Content/StarterContent/Shapes/Shape_QuadPyramid.uasset" to "../../../../../../Users/Goran/Documents/GitHub/UnrealLearningProj/UnrealLearningProj/Content/StarterContent/Shapes/Shape_QuadPyramid.uasset"
[2017.03.30-21.16.36:986][  0]LogPackFactory: Copied "../../../Samples/StarterContent/Content/StarterContent/Shapes/Shape_Sphere.uasset" to "../../../../../../Users/Goran/Documents/GitHub/UnrealLearningProj/UnrealLearningProj/Content/StarterContent/Shapes/Shape_Sphere.uasset"
[2017.03.30-21.16.37:015][  0]LogPackFactory: Copied "../../../Samples/StarterContent/Content/StarterContent/Shapes/Shape_Torus.uasset" to "../../../../../../Users/Goran/Documents/GitHub/UnrealLearningProj/UnrealLearningProj/Content/StarterContent/Shapes/Shape_Torus.uasset"
[2017.03.30-21.16.37:039][  0]LogPackFactory: Copied "../../../Samples/StarterContent/Content/StarterContent/Shapes/Shape_Trim.uasset" to "../../../../../../Users/Goran/Documents/GitHub/UnrealLearningProj/UnrealLearningProj/Content/StarterContent/Shapes/Shape_Trim.uasset"
[2017.03.30-21.16.37:058][  0]LogPackFactory: Copied "../../../Samples/StarterContent/Content/StarterContent/Shapes/Shape_Trim_90_In.uasset" to "../../../../../../Users/Goran/Documents/GitHub/UnrealLearningProj/UnrealLearningProj/Content/StarterContent/Shapes/Shape_Trim_90_In.uasset"
[2017.03.30-21.16.37:085][  0]LogPackFactory: Copied "../../../Samples/StarterContent/Content/StarterContent/Shapes/Shape_Trim_90_Out.uasset" to "../../../../../../Users/Goran/Documents/GitHub/UnrealLearningProj/UnrealLearningProj/Content/StarterContent/Shapes/Shape_Trim_90_Out.uasset"
[2017.03.30-21.16.37:110][  0]LogPackFactory: Copied "../../../Samples/StarterContent/Content/StarterContent/Shapes/Shape_TriPyramid.uasset" to "../../../../../../Users/Goran/Documents/GitHub/UnrealLearningProj/UnrealLearningProj/Content/StarterContent/Shapes/Shape_TriPyramid.uasset"
[2017.03.30-21.16.37:158][  0]LogPackFactory: Copied "../../../Samples/StarterContent/Content/StarterContent/Shapes/Shape_Tube.uasset" to "../../../../../../Users/Goran/Documents/GitHub/UnrealLearningProj/UnrealLearningProj/Content/StarterContent/Shapes/Shape_Tube.uasset"
[2017.03.30-21.16.37:313][  0]LogPackFactory: Copied "../../../Samples/StarterContent/Content/StarterContent/Shapes/Shape_Wedge_A.uasset" to "../../../../../../Users/Goran/Documents/GitHub/UnrealLearningProj/UnrealLearningProj/Content/StarterContent/Shapes/Shape_Wedge_A.uasset"
[2017.03.30-21.16.37:350][  0]LogPackFactory: Copied "../../../Samples/StarterContent/Content/StarterContent/Shapes/Shape_Wedge_B.uasset" to "../../../../../../Users/Goran/Documents/GitHub/UnrealLearningProj/UnrealLearningProj/Content/StarterContent/Shapes/Shape_Wedge_B.uasset"
[2017.03.30-21.16.37:391][  0]LogPackFactory: Copied "../../../Samples/StarterContent/Content/StarterContent/Shapes/Shape_WideCapsule.uasset" to "../../../../../../Users/Goran/Documents/GitHub/UnrealLearningProj/UnrealLearningProj/Content/StarterContent/Shapes/Shape_WideCapsule.uasset"
[2017.03.30-21.16.37:486][  0]LogPackFactory: Copied "../../../Samples/StarterContent/Content/StarterContent/Textures/T_Brick_Clay_Beveled_D.uasset" to "../../../../../../Users/Goran/Documents/GitHub/UnrealLearningProj/UnrealLearningProj/Content/StarterContent/Textures/T_Brick_Clay_Beveled_D.uasset"
[2017.03.30-21.16.37:605][  0]LogPackFactory: Copied "../../../Samples/StarterContent/Content/StarterContent/Textures/T_Brick_Clay_Beveled_M.uasset" to "../../../../../../Users/Goran/Documents/GitHub/UnrealLearningProj/UnrealLearningProj/Content/StarterContent/Textures/T_Brick_Clay_Beveled_M.uasset"
[2017.03.30-21.16.37:754][  0]LogPackFactory: Copied "../../../Samples/StarterContent/Content/StarterContent/Textures/T_Brick_Clay_Beveled_N.uasset" to "../../../../../../Users/Goran/Documents/GitHub/UnrealLearningProj/UnrealLearningProj/Content/StarterContent/Textures/T_Brick_Clay_Beveled_N.uasset"
[2017.03.30-21.16.37:870][  0]LogPackFactory: Copied "../../../Samples/StarterContent/Content/StarterContent/Textures/T_Brick_Clay_New_D.uasset" to "../../../../../../Users/Goran/Documents/GitHub/UnrealLearningProj/UnrealLearningProj/Content/StarterContent/Textures/T_Brick_Clay_New_D.uasset"
[2017.03.30-21.16.37:974][  0]LogPackFactory: Copied "../../../Samples/StarterContent/Content/StarterContent/Textures/T_Brick_Clay_New_M.uasset" to "../../../../../../Users/Goran/Documents/GitHub/UnrealLearningProj/UnrealLearningProj/Content/StarterContent/Textures/T_Brick_Clay_New_M.uasset"
[2017.03.30-21.16.38:190][  0]LogPackFactory: Copied "../../../Samples/StarterContent/Content/StarterContent/Textures/T_Brick_Clay_New_N.uasset" to "../../../../../../Users/Goran/Documents/GitHub/UnrealLearningProj/UnrealLearningProj/Content/StarterContent/Textures/T_Brick_Clay_New_N.uasset"
[2017.03.30-21.16.38:385][  0]LogPackFactory: Copied "../../../Samples/StarterContent/Content/StarterContent/Textures/T_Brick_Clay_Old_D.uasset" to "../../../../../../Users/Goran/Documents/GitHub/UnrealLearningProj/UnrealLearningProj/Content/StarterContent/Textures/T_Brick_Clay_Old_D.uasset"
[2017.03.30-21.16.38:548][  0]LogPackFactory: Copied "../../../Samples/StarterContent/Content/StarterContent/Textures/T_Brick_Clay_Old_N.uasset" to "../../../../../../Users/Goran/Documents/GitHub/UnrealLearningProj/UnrealLearningProj/Content/StarterContent/Textures/T_Brick_Clay_Old_N.uasset"
[2017.03.30-21.16.38:663][  0]LogPackFactory: Copied "../../../Samples/StarterContent/Content/StarterContent/Textures/T_Brick_Cut_Stone_D.uasset" to "../../../../../../Users/Goran/Documents/GitHub/UnrealLearningProj/UnrealLearningProj/Content/StarterContent/Textures/T_Brick_Cut_Stone_D.uasset"
[2017.03.30-21.16.38:749][  0]LogPackFactory: Copied "../../../Samples/StarterContent/Content/StarterContent/Textures/T_Brick_Cut_Stone_N.uasset" to "../../../../../../Users/Goran/Documents/GitHub/UnrealLearningProj/UnrealLearningProj/Content/StarterContent/Textures/T_Brick_Cut_Stone_N.uasset"
[2017.03.30-21.16.38:849][  0]LogPackFactory: Copied "../../../Samples/StarterContent/Content/StarterContent/Textures/T_Brick_Hewn_Stone_D.uasset" to "../../../../../../Users/Goran/Documents/GitHub/UnrealLearningProj/UnrealLearningProj/Content/StarterContent/Textures/T_Brick_Hewn_Stone_D.uasset"
[2017.03.30-21.16.38:953][  0]LogPackFactory: Copied "../../../Samples/StarterContent/Content/StarterContent/Textures/T_Brick_Hewn_Stone_M.uasset" to "../../../../../../Users/Goran/Documents/GitHub/UnrealLearningProj/UnrealLearningProj/Content/StarterContent/Textures/T_Brick_Hewn_Stone_M.uasset"
[2017.03.30-21.16.39:065][  0]LogPackFactory: Copied "../../../Samples/StarterContent/Content/StarterContent/Textures/T_Brick_Hewn_Stone_N.uasset" to "../../../../../../Users/Goran/Documents/GitHub/UnrealLearningProj/UnrealLearningProj/Content/StarterContent/Textures/T_Brick_Hewn_Stone_N.uasset"
[2017.03.30-21.16.39:684][  0]LogPackFactory: Copied "../../../Samples/StarterContent/Content/StarterContent/Textures/T_Burst_M.uasset" to "../../../../../../Users/Goran/Documents/GitHub/UnrealLearningProj/UnrealLearningProj/Content/StarterContent/Textures/T_Burst_M.uasset"
[2017.03.30-21.16.39:732][  0]LogPackFactory: Copied "../../../Samples/StarterContent/Content/StarterContent/Textures/T_Bush_D.uasset" to "../../../../../../Users/Goran/Documents/GitHub/UnrealLearningProj/UnrealLearningProj/Content/StarterContent/Textures/T_Bush_D.uasset"
[2017.03.30-21.16.39:884][  0]LogPackFactory: Copied "../../../Samples/StarterContent/Content/StarterContent/Textures/T_Bush_N.uasset" to "../../../../../../Users/Goran/Documents/GitHub/UnrealLearningProj/UnrealLearningProj/Content/StarterContent/Textures/T_Bush_N.uasset"
[2017.03.30-21.16.39:924][  0]LogPackFactory: Copied "../../../Samples/StarterContent/Content/StarterContent/Textures/T_Ceramic_Tile_M.uasset" to "../../../../../../Users/Goran/Documents/GitHub/UnrealLearningProj/UnrealLearningProj/Content/StarterContent/Textures/T_Ceramic_Tile_M.uasset"
[2017.03.30-21.16.39:989][  0]LogPackFactory: Copied "../../../Samples/StarterContent/Content/StarterContent/Textures/T_Ceramic_Tile_N.uasset" to "../../../../../../Users/Goran/Documents/GitHub/UnrealLearningProj/UnrealLearningProj/Content/StarterContent/Textures/T_Ceramic_Tile_N.uasset"
[2017.03.30-21.16.40:022][  0]LogPackFactory: Copied "../../../Samples/StarterContent/Content/StarterContent/Textures/T_Chair_M.uasset" to "../../../../../../Users/Goran/Documents/GitHub/UnrealLearningProj/UnrealLearningProj/Content/StarterContent/Textures/T_Chair_M.uasset"
[2017.03.30-21.16.40:075][  0]LogPackFactory: Copied "../../../Samples/StarterContent/Content/StarterContent/Textures/T_Chair_N.uasset" to "../../../../../../Users/Goran/Documents/GitHub/UnrealLearningProj/UnrealLearningProj/Content/StarterContent/Textures/T_Chair_N.uasset"
[2017.03.30-21.16.40:116][  0]LogPackFactory: Copied "../../../Samples/StarterContent/Content/StarterContent/Textures/T_Checker_Noise_M.uasset" to "../../../../../../Users/Goran/Documents/GitHub/UnrealLearningProj/UnrealLearningProj/Content/StarterContent/Textures/T_Checker_Noise_M.uasset"
[2017.03.30-21.16.40:248][  0]LogPackFactory: Copied "../../../Samples/StarterContent/Content/StarterContent/Textures/T_CobbleStone_Pebble_D.uasset" to "../../../../../../Users/Goran/Documents/GitHub/UnrealLearningProj/UnrealLearningProj/Content/StarterContent/Textures/T_CobbleStone_Pebble_D.uasset"
[2017.03.30-21.16.40:319][  0]LogPackFactory: Copied "../../../Samples/StarterContent/Content/StarterContent/Textures/T_CobbleStone_Pebble_M.uasset" to "../../../../../../Users/Goran/Documents/GitHub/UnrealLearningProj/UnrealLearningProj/Content/StarterContent/Textures/T_CobbleStone_Pebble_M.uasset"
[2017.03.30-21.16.40:438][  0]LogPackFactory: Copied "../../../Samples/StarterContent/Content/StarterContent/Textures/T_CobbleStone_Pebble_N.uasset" to "../../../../../../Users/Goran/Documents/GitHub/UnrealLearningProj/UnrealLearningProj/Content/StarterContent/Textures/T_CobbleStone_Pebble_N.uasset"
[2017.03.30-21.16.40:507][  0]LogPackFactory: Copied "../../../Samples/StarterContent/Content/StarterContent/Textures/T_CobbleStone_Rough_D.uasset" to "../../../../../../Users/Goran/Documents/GitHub/UnrealLearningProj/UnrealLearningProj/Content/StarterContent/Textures/T_CobbleStone_Rough_D.uasset"
[2017.03.30-21.16.40:653][  0]LogPackFactory: Copied "../../../Samples/StarterContent/Content/StarterContent/Textures/T_CobbleStone_Rough_N.uasset" to "../../../../../../Users/Goran/Documents/GitHub/UnrealLearningProj/UnrealLearningProj/Content/StarterContent/Textures/T_CobbleStone_Rough_N.uasset"
[2017.03.30-21.16.40:905][  0]LogPackFactory: Copied "../../../Samples/StarterContent/Content/StarterContent/Textures/T_CobbleStone_Smooth_D.uasset" to "../../../../../../Users/Goran/Documents/GitHub/UnrealLearningProj/UnrealLearningProj/Content/StarterContent/Textures/T_CobbleStone_Smooth_D.uasset"
[2017.03.30-21.16.40:962][  0]LogPackFactory: Copied "../../../Samples/StarterContent/Content/StarterContent/Textures/T_CobbleStone_Smooth_M.uasset" to "../../../../../../Users/Goran/Documents/GitHub/UnrealLearningProj/UnrealLearningProj/Content/StarterContent/Textures/T_CobbleStone_Smooth_M.uasset"
[2017.03.30-21.16.41:055][  0]LogPackFactory: Copied "../../../Samples/StarterContent/Content/StarterContent/Textures/T_CobbleStone_Smooth_N.uasset" to "../../../../../../Users/Goran/Documents/GitHub/UnrealLearningProj/UnrealLearningProj/Content/StarterContent/Textures/T_CobbleStone_Smooth_N.uasset"
[2017.03.30-21.16.41:234][  0]LogPackFactory: Copied "../../../Samples/StarterContent/Content/StarterContent/Textures/T_Concrete_Grime_D.uasset" to "../../../../../../Users/Goran/Documents/GitHub/UnrealLearningProj/UnrealLearningProj/Content/StarterContent/Textures/T_Concrete_Grime_D.uasset"
[2017.03.30-21.16.41:307][  0]LogPackFactory: Copied "../../../Samples/StarterContent/Content/StarterContent/Textures/T_Concrete_Panels_D.uasset" to "../../../../../../Users/Goran/Documents/GitHub/UnrealLearningProj/UnrealLearningProj/Content/StarterContent/Textures/T_Concrete_Panels_D.uasset"
[2017.03.30-21.16.41:373][  0]LogPackFactory: Copied "../../../Samples/StarterContent/Content/StarterContent/Textures/T_Concrete_Panels_N.uasset" to "../../../../../../Users/Goran/Documents/GitHub/UnrealLearningProj/UnrealLearningProj/Content/StarterContent/Textures/T_Concrete_Panels_N.uasset"
[2017.03.30-21.16.41:507][  0]LogPackFactory: Copied "../../../Samples/StarterContent/Content/StarterContent/Textures/T_Concrete_Poured_D.uasset" to "../../../../../../Users/Goran/Documents/GitHub/UnrealLearningProj/UnrealLearningProj/Content/StarterContent/Textures/T_Concrete_Poured_D.uasset"
[2017.03.30-21.16.41:587][  0]LogPackFactory: Copied "../../../Samples/StarterContent/Content/StarterContent/Textures/T_Concrete_Poured_N.uasset" to "../../../../../../Users/Goran/Documents/GitHub/UnrealLearningProj/UnrealLearningProj/Content/StarterContent/Textures/T_Concrete_Poured_N.uasset"
[2017.03.30-21.16.41:651][  0]LogPackFactory: Copied "../../../Samples/StarterContent/Content/StarterContent/Textures/T_Concrete_Tiles_D.uasset" to "../../../../../../Users/Goran/Documents/GitHub/UnrealLearningProj/UnrealLearningProj/Content/StarterContent/Textures/T_Concrete_Tiles_D.uasset"
[2017.03.30-21.16.41:707][  0]LogPackFactory: Copied "../../../Samples/StarterContent/Content/StarterContent/Textures/T_Concrete_Tiles_M.uasset" to "../../../../../../Users/Goran/Documents/GitHub/UnrealLearningProj/UnrealLearningProj/Content/StarterContent/Textures/T_Concrete_Tiles_M.uasset"
[2017.03.30-21.16.41:808][  0]LogPackFactory: Copied "../../../Samples/StarterContent/Content/StarterContent/Textures/T_Concrete_Tiles_N.uasset" to "../../../../../../Users/Goran/Documents/GitHub/UnrealLearningProj/UnrealLearningProj/Content/StarterContent/Textures/T_Concrete_Tiles_N.uasset"
[2017.03.30-21.16.41:881][  0]LogPackFactory: Copied "../../../Samples/StarterContent/Content/StarterContent/Textures/T_Concrete_Tiles_Variation_M.uasset" to "../../../../../../Users/Goran/Documents/GitHub/UnrealLearningProj/UnrealLearningProj/Content/StarterContent/Textures/T_Concrete_Tiles_Variation_M.uasset"
[2017.03.30-21.16.42:051][  0]LogPackFactory: Copied "../../../Samples/StarterContent/Content/StarterContent/Textures/T_Detail_Rocky_N.uasset" to "../../../../../../Users/Goran/Documents/GitHub/UnrealLearningProj/UnrealLearningProj/Content/StarterContent/Textures/T_Detail_Rocky_N.uasset"
[2017.03.30-21.16.42:171][  0]LogPackFactory: Copied "../../../Samples/StarterContent/Content/StarterContent/Textures/T_Door_M.uasset" to "../../../../../../Users/Goran/Documents/GitHub/UnrealLearningProj/UnrealLearningProj/Content/StarterContent/Textures/T_Door_M.uasset"
[2017.03.30-21.16.42:198][  0]LogPackFactory: Copied "../../../Samples/StarterContent/Content/StarterContent/Textures/T_Door_N.uasset" to "../../../../../../Users/Goran/Documents/GitHub/UnrealLearningProj/UnrealLearningProj/Content/StarterContent/Textures/T_Door_N.uasset"
[2017.03.30-21.16.42:301][  0]LogPackFactory: Copied "../../../Samples/StarterContent/Content/StarterContent/Textures/T_Dust_Particle_D.uasset" to "../../../../../../Users/Goran/Documents/GitHub/UnrealLearningProj/UnrealLearningProj/Content/StarterContent/Textures/T_Dust_Particle_D.uasset"
[2017.03.30-21.16.42:537][  0]LogPackFactory: Copied "../../../Samples/StarterContent/Content/StarterContent/Textures/T_Explosion_SubUV.uasset" to "../../../../../../Users/Goran/Documents/GitHub/UnrealLearningProj/UnrealLearningProj/Content/StarterContent/Textures/T_Explosion_SubUV.uasset"
[2017.03.30-21.16.42:735][  0]LogPackFactory: Copied "../../../Samples/StarterContent/Content/StarterContent/Textures/T_Fire_SubUV.uasset" to "../../../../../../Users/Goran/Documents/GitHub/UnrealLearningProj/UnrealLearningProj/Content/StarterContent/Textures/T_Fire_SubUV.uasset"
[2017.03.30-21.16.42:810][  0]LogPackFactory: Copied "../../../Samples/StarterContent/Content/StarterContent/Textures/T_Fire_Tiled_D.uasset" to "../../../../../../Users/Goran/Documents/GitHub/UnrealLearningProj/UnrealLearningProj/Content/StarterContent/Textures/T_Fire_Tiled_D.uasset"
[2017.03.30-21.16.42:861][  0]LogPackFactory: Copied "../../../Samples/StarterContent/Content/StarterContent/Textures/T_Frame_M.uasset" to "../../../../../../Users/Goran/Documents/GitHub/UnrealLearningProj/UnrealLearningProj/Content/StarterContent/Textures/T_Frame_M.uasset"
[2017.03.30-21.16.42:889][  0]LogPackFactory: Copied "../../../Samples/StarterContent/Content/StarterContent/Textures/T_Frame_N.uasset" to "../../../../../../Users/Goran/Documents/GitHub/UnrealLearningProj/UnrealLearningProj/Content/StarterContent/Textures/T_Frame_N.uasset"
[2017.03.30-21.16.42:950][  0]LogPackFactory: Copied "../../../Samples/StarterContent/Content/StarterContent/Textures/T_Gradinet_01.uasset" to "../../../../../../Users/Goran/Documents/GitHub/UnrealLearningProj/UnrealLearningProj/Content/StarterContent/Textures/T_Gradinet_01.uasset"
[2017.03.30-21.16.43:074][  0]LogPackFactory: Copied "../../../Samples/StarterContent/Content/StarterContent/Textures/T_Ground_Grass_D.uasset" to "../../../../../../Users/Goran/Documents/GitHub/UnrealLearningProj/UnrealLearningProj/Content/StarterContent/Textures/T_Ground_Grass_D.uasset"
[2017.03.30-21.16.43:216][  0]LogPackFactory: Copied "../../../Samples/StarterContent/Content/StarterContent/Textures/T_Ground_Grass_N.uasset" to "../../../../../../Users/Goran/Documents/GitHub/UnrealLearningProj/UnrealLearningProj/Content/StarterContent/Textures/T_Ground_Grass_N.uasset"
[2017.03.30-21.16.43:477][  0]LogPackFactory: Copied "../../../Samples/StarterContent/Content/StarterContent/Textures/T_Ground_Gravel_D.uasset" to "../../../../../../Users/Goran/Documents/GitHub/UnrealLearningProj/UnrealLearningProj/Content/StarterContent/Textures/T_Ground_Gravel_D.uasset"
[2017.03.30-21.16.44:000][  0]LogPackFactory: Copied "../../../Samples/StarterContent/Content/StarterContent/Textures/T_Ground_Gravel_N.uasset" to "../../../../../../Users/Goran/Documents/GitHub/UnrealLearningProj/UnrealLearningProj/Content/StarterContent/Textures/T_Ground_Gravel_N.uasset"
[2017.03.30-21.16.44:156][  0]LogPackFactory: Copied "../../../Samples/StarterContent/Content/StarterContent/Textures/T_ground_Moss_D.uasset" to "../../../../../../Users/Goran/Documents/GitHub/UnrealLearningProj/UnrealLearningProj/Content/StarterContent/Textures/T_ground_Moss_D.uasset"
[2017.03.30-21.16.44:306][  0]LogPackFactory: Copied "../../../Samples/StarterContent/Content/StarterContent/Textures/T_Ground_Moss_N.uasset" to "../../../../../../Users/Goran/Documents/GitHub/UnrealLearningProj/UnrealLearningProj/Content/StarterContent/Textures/T_Ground_Moss_N.uasset"
[2017.03.30-21.16.44:340][  0]LogPackFactory: Copied "../../../Samples/StarterContent/Content/StarterContent/Textures/T_Lamp_M.uasset" to "../../../../../../Users/Goran/Documents/GitHub/UnrealLearningProj/UnrealLearningProj/Content/StarterContent/Textures/T_Lamp_M.uasset"
[2017.03.30-21.16.44:409][  0]LogPackFactory: Copied "../../../Samples/StarterContent/Content/StarterContent/Textures/T_Lamp_N.uasset" to "../../../../../../Users/Goran/Documents/GitHub/UnrealLearningProj/UnrealLearningProj/Content/StarterContent/Textures/T_Lamp_N.uasset"
[2017.03.30-21.16.44:551][  0]LogPackFactory: Copied "../../../Samples/StarterContent/Content/StarterContent/Textures/T_MacroVariation.uasset" to "../../../../../../Users/Goran/Documents/GitHub/UnrealLearningProj/UnrealLearningProj/Content/StarterContent/Textures/T_MacroVariation.uasset"
[2017.03.30-21.16.44:798][  0]LogPackFactory: Copied "../../../Samples/StarterContent/Content/StarterContent/Textures/T_Metal_Aluminum_D.uasset" to "../../../../../../Users/Goran/Documents/GitHub/UnrealLearningProj/UnrealLearningProj/Content/StarterContent/Textures/T_Metal_Aluminum_D.uasset"
[2017.03.30-21.16.44:880][  0]LogPackFactory: Copied "../../../Samples/StarterContent/Content/StarterContent/Textures/T_Metal_Copper_D.uasset" to "../../../../../../Users/Goran/Documents/GitHub/UnrealLearningProj/UnrealLearningProj/Content/StarterContent/Textures/T_Metal_Copper_D.uasset"
[2017.03.30-21.16.45:002][  0]LogPackFactory: Copied "../../../Samples/StarterContent/Content/StarterContent/Textures/T_Metal_Gold_D.uasset" to "../../../../../../Users/Goran/Documents/GitHub/UnrealLearningProj/UnrealLearningProj/Content/StarterContent/Textures/T_Metal_Gold_D.uasset"
[2017.03.30-21.16.45:270][  0]LogPackFactory: Copied "../../../Samples/StarterContent/Content/StarterContent/Textures/T_Metal_Gold_N.uasset" to "../../../../../../Users/Goran/Documents/GitHub/UnrealLearningProj/UnrealLearningProj/Content/StarterContent/Textures/T_Metal_Gold_N.uasset"
[2017.03.30-21.16.45:811][  0]LogPackFactory: Copied "../../../Samples/StarterContent/Content/StarterContent/Textures/T_Metal_Rust_D.uasset" to "../../../../../../Users/Goran/Documents/GitHub/UnrealLearningProj/UnrealLearningProj/Content/StarterContent/Textures/T_Metal_Rust_D.uasset"
[2017.03.30-21.16.45:964][  0]LogPackFactory: Copied "../../../Samples/StarterContent/Content/StarterContent/Textures/T_Metal_Rust_N.uasset" to "../../../../../../Users/Goran/Documents/GitHub/UnrealLearningProj/UnrealLearningProj/Content/StarterContent/Textures/T_Metal_Rust_N.uasset"
[2017.03.30-21.16.46:130][  0]LogPackFactory: Copied "../../../Samples/StarterContent/Content/StarterContent/Textures/T_Metal_Steel_D.uasset" to "../../../../../../Users/Goran/Documents/GitHub/UnrealLearningProj/UnrealLearningProj/Content/StarterContent/Textures/T_Metal_Steel_D.uasset"
[2017.03.30-21.16.46:280][  0]LogPackFactory: Copied "../../../Samples/StarterContent/Content/StarterContent/Textures/T_Metal_Steel_N.uasset" to "../../../../../../Users/Goran/Documents/GitHub/UnrealLearningProj/UnrealLearningProj/Content/StarterContent/Textures/T_Metal_Steel_N.uasset"
[2017.03.30-21.16.46:717][  0]LogPackFactory: Copied "../../../Samples/StarterContent/Content/StarterContent/Textures/T_Perlin_Noise_M.uasset" to "../../../../../../Users/Goran/Documents/GitHub/UnrealLearningProj/UnrealLearningProj/Content/StarterContent/Textures/T_Perlin_Noise_M.uasset"
[2017.03.30-21.16.46:847][  0]LogPackFactory: Copied "../../../Samples/StarterContent/Content/StarterContent/Textures/T_RockMesh_M.uasset" to "../../../../../../Users/Goran/Documents/GitHub/UnrealLearningProj/UnrealLearningProj/Content/StarterContent/Textures/T_RockMesh_M.uasset"
[2017.03.30-21.16.47:621][  0]LogPackFactory: Copied "../../../Samples/StarterContent/Content/StarterContent/Textures/T_RockMesh_N.uasset" to "../../../../../../Users/Goran/Documents/GitHub/UnrealLearningProj/UnrealLearningProj/Content/StarterContent/Textures/T_RockMesh_N.uasset"
[2017.03.30-21.16.47:745][  0]LogPackFactory: Copied "../../../Samples/StarterContent/Content/StarterContent/Textures/T_Rock_Basalt_D.uasset" to "../../../../../../Users/Goran/Documents/GitHub/UnrealLearningProj/UnrealLearningProj/Content/StarterContent/Textures/T_Rock_Basalt_D.uasset"
[2017.03.30-21.16.47:871][  0]LogPackFactory: Copied "../../../Samples/StarterContent/Content/StarterContent/Textures/T_Rock_Basalt_N.uasset" to "../../../../../../Users/Goran/Documents/GitHub/UnrealLearningProj/UnrealLearningProj/Content/StarterContent/Textures/T_Rock_Basalt_N.uasset"
[2017.03.30-21.16.47:937][  0]LogPackFactory: Copied "../../../Samples/StarterContent/Content/StarterContent/Textures/T_Rock_Marble_Polished_D.uasset" to "../../../../../../Users/Goran/Documents/GitHub/UnrealLearningProj/UnrealLearningProj/Content/StarterContent/Textures/T_Rock_Marble_Polished_D.uasset"
[2017.03.30-21.16.48:032][  0]LogPackFactory: Copied "../../../Samples/StarterContent/Content/StarterContent/Textures/T_Rock_Sandstone_D.uasset" to "../../../../../../Users/Goran/Documents/GitHub/UnrealLearningProj/UnrealLearningProj/Content/StarterContent/Textures/T_Rock_Sandstone_D.uasset"
[2017.03.30-21.16.48:186][  0]LogPackFactory: Copied "../../../Samples/StarterContent/Content/StarterContent/Textures/T_Rock_Sandstone_N.uasset" to "../../../../../../Users/Goran/Documents/GitHub/UnrealLearningProj/UnrealLearningProj/Content/StarterContent/Textures/T_Rock_Sandstone_N.uasset"
[2017.03.30-21.16.48:430][  0]LogPackFactory: Copied "../../../Samples/StarterContent/Content/StarterContent/Textures/T_Rock_Slate_D.uasset" to "../../../../../../Users/Goran/Documents/GitHub/UnrealLearningProj/UnrealLearningProj/Content/StarterContent/Textures/T_Rock_Slate_D.uasset"
[2017.03.30-21.16.49:225][  0]LogPackFactory: Copied "../../../Samples/StarterContent/Content/StarterContent/Textures/T_Rock_Slate_N.uasset" to "../../../../../../Users/Goran/Documents/GitHub/UnrealLearningProj/UnrealLearningProj/Content/StarterContent/Textures/T_Rock_Slate_N.uasset"
[2017.03.30-21.16.50:025][  0]LogPackFactory: Copied "../../../Samples/StarterContent/Content/StarterContent/Textures/T_Rock_Smooth_Granite_D.uasset" to "../../../../../../Users/Goran/Documents/GitHub/UnrealLearningProj/UnrealLearningProj/Content/StarterContent/Textures/T_Rock_Smooth_Granite_D.uasset"
[2017.03.30-21.16.50:296][  0]LogPackFactory: Copied "../../../Samples/StarterContent/Content/StarterContent/Textures/T_Shelf_M.uasset" to "../../../../../../Users/Goran/Documents/GitHub/UnrealLearningProj/UnrealLearningProj/Content/StarterContent/Textures/T_Shelf_M.uasset"
[2017.03.30-21.16.50:485][  0]LogPackFactory: Copied "../../../Samples/StarterContent/Content/StarterContent/Textures/T_Shelf_N.uasset" to "../../../../../../Users/Goran/Documents/GitHub/UnrealLearningProj/UnrealLearningProj/Content/StarterContent/Textures/T_Shelf_N.uasset"
[2017.03.30-21.16.50:534][  0]LogPackFactory: Copied "../../../Samples/StarterContent/Content/StarterContent/Textures/T_Single_Tile_N.uasset" to "../../../../../../Users/Goran/Documents/GitHub/UnrealLearningProj/UnrealLearningProj/Content/StarterContent/Textures/T_Single_Tile_N.uasset"
[2017.03.30-21.16.50:736][  0]LogPackFactory: Copied "../../../Samples/StarterContent/Content/StarterContent/Textures/T_Smoke_SubUV.uasset" to "../../../../../../Users/Goran/Documents/GitHub/UnrealLearningProj/UnrealLearningProj/Content/StarterContent/Textures/T_Smoke_SubUV.uasset"
[2017.03.30-21.16.50:870][  0]LogPackFactory: Copied "../../../Samples/StarterContent/Content/StarterContent/Textures/T_Smoke_Tiled_D.uasset" to "../../../../../../Users/Goran/Documents/GitHub/UnrealLearningProj/UnrealLearningProj/Content/StarterContent/Textures/T_Smoke_Tiled_D.uasset"
[2017.03.30-21.16.51:028][  0]LogPackFactory: Copied "../../../Samples/StarterContent/Content/StarterContent/Textures/T_Spark_Core.uasset" to "../../../../../../Users/Goran/Documents/GitHub/UnrealLearningProj/UnrealLearningProj/Content/StarterContent/Textures/T_Spark_Core.uasset"
[2017.03.30-21.16.51:066][  0]LogPackFactory: Copied "../../../Samples/StarterContent/Content/StarterContent/Textures/T_Statue_M.uasset" to "../../../../../../Users/Goran/Documents/GitHub/UnrealLearningProj/UnrealLearningProj/Content/StarterContent/Textures/T_Statue_M.uasset"
[2017.03.30-21.16.51:332][  0]LogPackFactory: Copied "../../../Samples/StarterContent/Content/StarterContent/Textures/T_Statue_N.uasset" to "../../../../../../Users/Goran/Documents/GitHub/UnrealLearningProj/UnrealLearningProj/Content/StarterContent/Textures/T_Statue_N.uasset"
[2017.03.30-21.16.51:400][  0]LogPackFactory: Copied "../../../Samples/StarterContent/Content/StarterContent/Textures/T_TableRound_M.uasset" to "../../../../../../Users/Goran/Documents/GitHub/UnrealLearningProj/UnrealLearningProj/Content/StarterContent/Textures/T_TableRound_M.uasset"
[2017.03.30-21.16.51:612][  0]LogPackFactory: Copied "../../../Samples/StarterContent/Content/StarterContent/Textures/T_TableRound_N.uasset" to "../../../../../../Users/Goran/Documents/GitHub/UnrealLearningProj/UnrealLearningProj/Content/StarterContent/Textures/T_TableRound_N.uasset"
[2017.03.30-21.16.51:681][  0]LogPackFactory: Copied "../../../Samples/StarterContent/Content/StarterContent/Textures/T_Tech_Dot_M.uasset" to "../../../../../../Users/Goran/Documents/GitHub/UnrealLearningProj/UnrealLearningProj/Content/StarterContent/Textures/T_Tech_Dot_M.uasset"
[2017.03.30-21.16.51:940][  0]LogPackFactory: Copied "../../../Samples/StarterContent/Content/StarterContent/Textures/T_Tech_Dot_N.uasset" to "../../../../../../Users/Goran/Documents/GitHub/UnrealLearningProj/UnrealLearningProj/Content/StarterContent/Textures/T_Tech_Dot_N.uasset"
[2017.03.30-21.16.52:034][  0]LogPackFactory: Copied "../../../Samples/StarterContent/Content/StarterContent/Textures/T_Tech_Hex_Tile_M.uasset" to "../../../../../../Users/Goran/Documents/GitHub/UnrealLearningProj/UnrealLearningProj/Content/StarterContent/Textures/T_Tech_Hex_Tile_M.uasset"
[2017.03.30-21.16.52:170][  0]LogPackFactory: Copied "../../../Samples/StarterContent/Content/StarterContent/Textures/T_Tech_Hex_Tile_N.uasset" to "../../../../../../Users/Goran/Documents/GitHub/UnrealLearningProj/UnrealLearningProj/Content/StarterContent/Textures/T_Tech_Hex_Tile_N.uasset"
[2017.03.30-21.16.52:286][  0]LogPackFactory: Copied "../../../Samples/StarterContent/Content/StarterContent/Textures/T_Tech_Panel_M.uasset" to "../../../../../../Users/Goran/Documents/GitHub/UnrealLearningProj/UnrealLearningProj/Content/StarterContent/Textures/T_Tech_Panel_M.uasset"
[2017.03.30-21.16.52:520][  0]LogPackFactory: Copied "../../../Samples/StarterContent/Content/StarterContent/Textures/T_Tech_Panel_N.uasset" to "../../../../../../Users/Goran/Documents/GitHub/UnrealLearningProj/UnrealLearningProj/Content/StarterContent/Textures/T_Tech_Panel_N.uasset"
[2017.03.30-21.16.52:745][  0]LogPackFactory: Copied "../../../Samples/StarterContent/Content/StarterContent/Textures/T_Water_M.uasset" to "../../../../../../Users/Goran/Documents/GitHub/UnrealLearningProj/UnrealLearningProj/Content/StarterContent/Textures/T_Water_M.uasset"
[2017.03.30-21.16.53:074][  0]LogPackFactory: Copied "../../../Samples/StarterContent/Content/StarterContent/Textures/T_Water_N.uasset" to "../../../../../../Users/Goran/Documents/GitHub/UnrealLearningProj/UnrealLearningProj/Content/StarterContent/Textures/T_Water_N.uasset"
[2017.03.30-21.16.53:157][  0]LogPackFactory: Copied "../../../Samples/StarterContent/Content/StarterContent/Textures/T_Wood_Floor_Walnut_D.uasset" to "../../../../../../Users/Goran/Documents/GitHub/UnrealLearningProj/UnrealLearningProj/Content/StarterContent/Textures/T_Wood_Floor_Walnut_D.uasset"
[2017.03.30-21.16.53:260][  0]LogPackFactory: Copied "../../../Samples/StarterContent/Content/StarterContent/Textures/T_Wood_Floor_Walnut_M.uasset" to "../../../../../../Users/Goran/Documents/GitHub/UnrealLearningProj/UnrealLearningProj/Content/StarterContent/Textures/T_Wood_Floor_Walnut_M.uasset"
[2017.03.30-21.16.53:469][  0]LogPackFactory: Copied "../../../Samples/StarterContent/Content/StarterContent/Textures/T_Wood_Floor_Walnut_N.uasset" to "../../../../../../Users/Goran/Documents/GitHub/UnrealLearningProj/UnrealLearningProj/Content/StarterContent/Textures/T_Wood_Floor_Walnut_N.uasset"
[2017.03.30-21.16.53:575][  0]LogPackFactory: Copied "../../../Samples/StarterContent/Content/StarterContent/Textures/T_Wood_Oak_D.uasset" to "../../../../../../Users/Goran/Documents/GitHub/UnrealLearningProj/UnrealLearningProj/Content/StarterContent/Textures/T_Wood_Oak_D.uasset"
[2017.03.30-21.16.53:838][  0]LogPackFactory: Copied "../../../Samples/StarterContent/Content/StarterContent/Textures/T_Wood_Oak_N.uasset" to "../../../../../../Users/Goran/Documents/GitHub/UnrealLearningProj/UnrealLearningProj/Content/StarterContent/Textures/T_Wood_Oak_N.uasset"
[2017.03.30-21.16.53:918][  0]LogPackFactory: Copied "../../../Samples/StarterContent/Content/StarterContent/Textures/T_Wood_Pine_D.uasset" to "../../../../../../Users/Goran/Documents/GitHub/UnrealLearningProj/UnrealLearningProj/Content/StarterContent/Textures/T_Wood_Pine_D.uasset"
[2017.03.30-21.16.53:966][  0]LogPackFactory: Copied "../../../Samples/StarterContent/Content/StarterContent/Textures/T_Wood_Pine_N.uasset" to "../../../../../../Users/Goran/Documents/GitHub/UnrealLearningProj/UnrealLearningProj/Content/StarterContent/Textures/T_Wood_Pine_N.uasset"
[2017.03.30-21.16.54:064][  0]LogPackFactory: Copied "../../../Samples/StarterContent/Content/StarterContent/Textures/T_Wood_Walnut_D.uasset" to "../../../../../../Users/Goran/Documents/GitHub/UnrealLearningProj/UnrealLearningProj/Content/StarterContent/Textures/T_Wood_Walnut_D.uasset"
[2017.03.30-21.16.54:581][  0]LogPackFactory: Copied "../../../Samples/StarterContent/Content/StarterContent/Textures/T_Wood_Walnut_N.uasset" to "../../../../../../Users/Goran/Documents/GitHub/UnrealLearningProj/UnrealLearningProj/Content/StarterContent/Textures/T_Wood_Walnut_N.uasset"
[2017.03.30-21.17.00:654][  0]LogRenderer: Reallocating scene render targets to support 256x256 NumSamples 1 (Frame:2).
[2017.03.30-21.17.13:043][  0]LogSavePackage: Save=405.57ms
[2017.03.30-21.17.13:043][  0]LogSavePackage: Moving '../../../../../../Users/Goran/Documents/GitHub/UnrealLearningProj/UnrealLearningProj/Saved/Floor_400x4004E2738BF487B0074672F8D9F01142830.tmp' to '../../../../../../Users/Goran/Documents/GitHub/UnrealLearningProj/UnrealLearningProj/Content/StarterContent/Architecture/Floor_400x400.uasset'
[2017.03.30-21.17.13:054][  0]LogSavePackage:Display: Finished SavePackage ../../../../../../Users/Goran/Documents/GitHub/UnrealLearningProj/UnrealLearningProj/Content/StarterContent/Architecture/Floor_400x400.uasset
[2017.03.30-21.17.13:074][  0]LogFeaturePack:Warning: Inserted 1 feature packs
[2017.03.30-21.17.13:088][  0]Cmd: MAP LOAD FILE="../../../../../../Users/Goran/Documents/GitHub/UnrealLearningProj/UnrealLearningProj/Content/StarterContent/Maps/Minimal_Default.umap" TEMPLATE=0 SHOWPROGRESS=1 FEATURELEVEL=3
[2017.03.30-21.17.13:113][  0]LightingResults: New page: Lighting Build
[2017.03.30-21.17.13:174][  0]MapCheck: New page: Map Check
[2017.03.30-21.17.13:174][  0]LightingResults: New page: Lighting Build
[2017.03.30-21.17.14:980][  0]LogAIModule: Creating AISystem for world Minimal_Default
[2017.03.30-21.17.15:366][  0]LogEditorServer: Finished looking for orphan Actors (0.000 secs)
[2017.03.30-21.17.15:405][  0]Cmd: MAP CHECKDEP NOCLEARLOG
[2017.03.30-21.17.15:505][  0]MapCheck: Info Map check complete: 0 Error(s), 0 Warning(s), took 100.289ms to complete.
[2017.03.30-21.17.15:505][  0]LogFileHelpers: Loading map 'Minimal_Default' took 2.418
[2017.03.30-21.17.22:398][  0]LogCollectionManager: Loaded 0 collections in 0.002394 seconds
[2017.03.30-21.17.23:932][  0]LogFileCache: Scanning file cache for directory 'C:/Users/Goran/Documents/GitHub/UnrealLearningProj/UnrealLearningProj/Saved/Collections/' took 0.01s
[2017.03.30-21.17.23:932][  0]LogFileCache: Scanning file cache for directory 'C:/Users/Goran/Documents/GitHub/UnrealLearningProj/UnrealLearningProj/Content/Developers/Goran/Collections/' took 0.01s
[2017.03.30-21.17.23:932][  0]LogFileCache: Scanning file cache for directory 'C:/Users/Goran/Documents/GitHub/UnrealLearningProj/UnrealLearningProj/Content/Collections/' took 0.01s
[2017.03.30-21.17.23:932][  0]LogCollectionManager: Rebuilt the GUID cache for 0 collections in 0.000003 seconds
[2017.03.30-21.17.24:426][  0]LogContentBrowser: Native class hierarchy populated in 0.2495 seconds. Added 2245 classes and 453 folders.
[2017.03.30-21.17.24:711][  0]LogStats: UGameplayTagsManager::ConstructGameplayTagTree: Construct from data asset -  0.000 s
[2017.03.30-21.17.24:786][  0]LogStats: UGameplayTagsManager::ConstructGameplayTagTree: GameplayTagTreeChangedEvent.Broadcast -  0.025 s
[2017.03.30-21.17.24:908][  0]LogContentBrowser: Native class hierarchy updated for 'WidgetCarousel' in 0.0005 seconds. Added 0 classes and 0 folders.
[2017.03.30-21.17.28:054][  0]LogContentBrowser: Native class hierarchy updated for 'AddContentDialog' in 0.0005 seconds. Added 0 classes and 0 folders.
[2017.03.30-21.17.28:214][  0]LogContentBrowser: Native class hierarchy updated for 'SceneOutliner' in 0.0007 seconds. Added 1 classes and 2 folders.
[2017.03.30-21.17.28:866][  0]LogCrashTracker: Crashtracker disabled due to settings.
[2017.03.30-21.17.29:308][  0]LogContentBrowser: Native class hierarchy updated for 'HierarchicalLODOutliner' in 0.0006 seconds. Added 1 classes and 2 folders.
[2017.03.30-21.17.29:308][  0]LogLoad: (Engine Initialization) Total time: 119.28 seconds
[2017.03.30-21.17.29:308][  0]LogLoad: (Engine Initialization) Total Blueprint compile time: 0.12 seconds
[2017.03.30-21.17.29:308][  0]LogExternalProfiler: No external profilers were discovered.  External profiling features will not be available.
[2017.03.30-21.17.29:650][  0]LogOcInput: OculusInput pre-init called
[2017.03.30-21.17.31:425][  0]LogStats: FPlatformStackWalk::StackWalkAndDump -  1.754 s
[2017.03.30-21.17.31:425][  0]LogOutputDevice:Error: === Handled ensure: ===
[2017.03.30-21.17.31:425][  0]LogOutputDevice:Error: 
[2017.03.30-21.17.31:425][  0]LogOutputDevice:Error: Ensure condition failed: Ar [File:D:\Build\++UE4+Release-4.15+Compile\Sync\Engine\Source\Developer\DirectoryWatcher\Private\FileCache.cpp] [Line: 519]
[2017.03.30-21.17.31:425][  0]LogOutputDevice:Error: Unable to write file-cache for 'C:/Users/Goran/Documents/GitHub/UnrealLearningProj/UnrealLearningProj/Content/' to 'C:/Users/Goran/Documents/GitHub/UnrealLearningProj/UnrealLearningProj/Intermediate/ReimportCache/3688439234.bin'.
[2017.03.30-21.17.31:425][  0]LogOutputDevice:Error: Stack: 
[2017.03.30-21.17.31:425][  0]LogOutputDevice:Error: UE4Editor-Core.dll!0x00000000972195E6
[2017.03.30-21.17.31:425][  0]LogOutputDevice:Error: UE4Editor-Core.dll!0x0000000096FC9B82
[2017.03.30-21.17.31:425][  0]LogOutputDevice:Error: UE4Editor-Core.dll!0x0000000096FDB666
[2017.03.30-21.17.31:425][  0]LogOutputDevice:Error: UE4Editor-DirectoryWatcher.dll!0x00000000A7371343
[2017.03.30-21.17.31:425][  0]LogOutputDevice:Error: UE4Editor-UnrealEd.dll!0x0000000091C2DEA9
[2017.03.30-21.17.31:425][  0]LogOutputDevice:Error: UE4Editor-UnrealEd.dll!0x0000000091BF397C
[2017.03.30-21.17.31:425][  0]LogOutputDevice:Error: UE4Editor-UnrealEd.dll!0x0000000091BB0E79
[2017.03.30-21.17.31:425][  0]LogOutputDevice:Error: UE4Editor-UnrealEd.dll!0x0000000091B883AF
[2017.03.30-21.17.31:425][  0]LogOutputDevice:Error: UE4Editor-UnrealEd.dll!0x0000000091BC6116
[2017.03.30-21.17.31:425][  0]LogOutputDevice:Error: UE4Editor-UnrealEd.dll!0x0000000091BB1AB2
[2017.03.30-21.17.31:425][  0]LogOutputDevice:Error: UE4Editor-UnrealEd.dll!0x0000000091C2C188
[2017.03.30-21.17.31:425][  0]LogOutputDevice:Error: UE4Editor-UnrealEd.dll!0x0000000091C2DCF0
[2017.03.30-21.17.31:425][  0]LogOutputDevice:Error: UE4Editor-UnrealEd.dll!0x0000000091F17C47
[2017.03.30-21.17.31:425][  0]LogOutputDevice:Error: UE4Editor-UnrealEd.dll!0x0000000091F15979
[2017.03.30-21.17.31:425][  0]LogOutputDevice:Error: UE4Editor-UnrealEd.dll!0x0000000092722086
[2017.03.30-21.17.31:425][  0]LogOutputDevice:Error: UE4Editor.exe!0x00000000666DDEE3
[2017.03.30-21.17.31:425][  0]LogOutputDevice:Error: UE4Editor.exe!0x00000000666CEB40
[2017.03.30-21.17.31:425][  0]LogOutputDevice:Error: UE4Editor.exe!0x00000000666CEBBA
[2017.03.30-21.17.31:425][  0]LogOutputDevice:Error: UE4Editor.exe!0x00000000666E0A29
[2017.03.30-21.17.31:425][  0]LogOutputDevice:Error: UE4Editor.exe!0x00000000666E22B6
[2017.03.30-21.17.31:425][  0]LogOutputDevice:Error: KERNEL32.DLL!0x00000000CA578364
[2017.03.30-21.17.31:425][  0]LogOutputDevice:Error: ntdll.dll!0x00000000CC8A70D1
[2017.03.30-21.17.31:425][  0]LogOutputDevice:Error: 
[2017.03.30-21.17.31:434][  0]LogStats:                SubmitErrorReport -  0.000 s
